# JRE version: Java(TM) SE Runtime Environment (22.0.2+9) (build 22.0.2+9-70)
# Java VM: Java HotSpot(TM) 64-Bit Server VM (22.0.2+9-70, mixed mode, emulated-client, sharing, tiered, compressed oops, compressed class ptrs, g1 gc, windows-amd64)
GC Precious Log:
 CardTable entry size: 512
 Card Set container configuration: InlinePtr #cards 5 size 8 Array Of Cards #cards 12 size 40 Howl #buckets 4 coarsen threshold 1843 Howl Bitmap #cards 512 size 80 coarsen threshold 460 Card regions per heap region 1 cards per card region 2048
 CPUs: 8 total, 8 available
 Memory: 7932M
 Large Page Support: Disabled
 NUMA Support: Disabled
 Compressed Oops: Enabled (32-bit)
 Heap Region Size: 1M
 Heap Min Capacity: 8M
 Heap Initial Capacity: 124M
 Heap Max Capacity: 1984M
 Pre-touch: Disabled
 Parallel Workers: 8
 Concurrent Workers: 2
 Concurrent Refinement Workers: 8
 Periodic GC: Disabled
Heap:
 garbage-first heap   total reserved 2031616K, committed 95232K, used 55070K [0x0000000084000000, 0x0000000100000000)
  region size 1024K, 30 young (30720K), 5 survivors (5120K)
 Metaspace       used 59299K, committed 60160K, reserved 1114112K
  class space    used 8572K, committed 8960K, reserved 1048576K
GC Heap History (20 events):
Event: 3492.071 GC heap after
{Heap after GC invocations=75 (full 4):
 garbage-first heap   total reserved 2031616K, committed 78848K, used 30747K [0x0000000084000000, 0x0000000100000000)
  region size 1024K, 3 young (3072K), 3 survivors (3072K)
 Metaspace       used 58058K, committed 58880K, reserved 1114112K
  class space    used 8418K, committed 8768K, reserved 1048576K
}
Event: 3494.312 GC heap before
{Heap before GC invocations=75 (full 4):
 garbage-first heap   total reserved 2031616K, committed 78848K, used 33819K [0x0000000084000000, 0x0000000100000000)
  region size 1024K, 7 young (7168K), 3 survivors (3072K)
 Metaspace       used 58061K, committed 58880K, reserved 1114112K
  class space    used 8418K, committed 8768K, reserved 1048576K
}
Event: 3494.348 GC heap after
{Heap after GC invocations=76 (full 5):
 garbage-first heap   total reserved 2031616K, committed 78848K, used 26737K [0x0000000084000000, 0x0000000100000000)
  region size 1024K, 0 young (0K), 0 survivors (0K)
 Metaspace       used 58036K, committed 58880K, reserved 1114112K
  class space    used 8412K, committed 8768K, reserved 1048576K
}
Event: 3494.829 GC heap before
{Heap before GC invocations=76 (full 5):
 garbage-first heap   total reserved 2031616K, committed 78848K, used 66673K [0x0000000084000000, 0x0000000100000000)
  region size 1024K, 40 young (40960K), 0 survivors (0K)
 Metaspace       used 58259K, committed 59072K, reserved 1114112K
  class space    used 8444K, committed 8768K, reserved 1048576K
}
Event: 3494.832 GC heap after
{Heap after GC invocations=77 (full 5):
 garbage-first heap   total reserved 2031616K, committed 78848K, used 30636K [0x0000000084000000, 0x0000000100000000)
  region size 1024K, 4 young (4096K), 4 survivors (4096K)
 Metaspace       used 58259K, committed 59072K, reserved 1114112K
  class space    used 8444K, committed 8768K, reserved 1048576K
}
Event: 3520.875 GC heap before
{Heap before GC invocations=78 (full 5):
 garbage-first heap   total reserved 2031616K, committed 78848K, used 67500K [0x0000000084000000, 0x0000000100000000)
  region size 1024K, 40 young (40960K), 4 survivors (4096K)
 Metaspace       used 58551K, committed 59392K, reserved 1114112K
  class space    used 8474K, committed 8832K, reserved 1048576K
}
Event: 3520.879 GC heap after
{Heap after GC invocations=79 (full 5):
 garbage-first heap   total reserved 2031616K, committed 78848K, used 31485K [0x0000000084000000, 0x0000000100000000)
  region size 1024K, 3 young (3072K), 3 survivors (3072K)
 Metaspace       used 58551K, committed 59392K, reserved 1114112K
  class space    used 8474K, committed 8832K, reserved 1048576K
}
Event: 3601.949 GC heap before
{Heap before GC invocations=79 (full 5):
 garbage-first heap   total reserved 2031616K, committed 78848K, used 67325K [0x0000000084000000, 0x0000000100000000)
  region size 1024K, 38 young (38912K), 3 survivors (3072K)
 Metaspace       used 58568K, committed 59392K, reserved 1114112K
  class space    used 8477K, committed 8832K, reserved 1048576K
}
Event: 3602.030 GC heap after
{Heap after GC invocations=80 (full 5):
 garbage-first heap   total reserved 2031616K, committed 78848K, used 31699K [0x0000000084000000, 0x0000000100000000)
  region size 1024K, 3 young (3072K), 3 survivors (3072K)
 Metaspace       used 58568K, committed 59392K, reserved 1114112K
  class space    used 8477K, committed 8832K, reserved 1048576K
}
Event: 3647.457 GC heap before
{Heap before GC invocations=80 (full 5):
 garbage-first heap   total reserved 2031616K, committed 78848K, used 52179K [0x0000000084000000, 0x0000000100000000)
  region size 1024K, 24 young (24576K), 3 survivors (3072K)
 Metaspace       used 58571K, committed 59392K, reserved 1114112K
  class space    used 8478K, committed 8832K, reserved 1048576K
}
Event: 3648.115 GC heap after
{Heap after GC invocations=81 (full 6):
 garbage-first heap   total reserved 2031616K, committed 78848K, used 24143K [0x0000000084000000, 0x0000000100000000)
  region size 1024K, 0 young (0K), 0 survivors (0K)
 Metaspace       used 58440K, committed 59392K, reserved 1114112K
  class space    used 8441K, committed 8832K, reserved 1048576K
}
Event: 3655.595 GC heap before
{Heap before GC invocations=81 (full 6):
 garbage-first heap   total reserved 2031616K, committed 78848K, used 68175K [0x0000000084000000, 0x0000000100000000)
  region size 1024K, 43 young (44032K), 0 survivors (0K)
 Metaspace       used 58616K, committed 59456K, reserved 1114112K
  class space    used 8490K, committed 8832K, reserved 1048576K
}
Event: 3655.614 GC heap after
{Heap after GC invocations=82 (full 6):
 garbage-first heap   total reserved 2031616K, committed 78848K, used 29977K [0x0000000084000000, 0x0000000100000000)
  region size 1024K, 6 young (6144K), 6 survivors (6144K)
 Metaspace       used 58616K, committed 59456K, reserved 1114112K
  class space    used 8490K, committed 8832K, reserved 1048576K
}
Event: 3659.616 GC heap before
{Heap before GC invocations=83 (full 6):
 garbage-first heap   total reserved 2031616K, committed 78848K, used 36121K [0x0000000084000000, 0x0000000100000000)
  region size 1024K, 13 young (13312K), 6 survivors (6144K)
 Metaspace       used 58628K, committed 59456K, reserved 1114112K
  class space    used 8493K, committed 8832K, reserved 1048576K
}
Event: 3659.685 GC heap after
{Heap after GC invocations=84 (full 7):
 garbage-first heap   total reserved 2031616K, committed 78848K, used 26163K [0x0000000084000000, 0x0000000100000000)
  region size 1024K, 0 young (0K), 0 survivors (0K)
 Metaspace       used 58572K, committed 59456K, reserved 1114112K
  class space    used 8478K, committed 8832K, reserved 1048576K
}
Event: 3661.293 GC heap before
{Heap before GC invocations=84 (full 7):
 garbage-first heap   total reserved 2031616K, committed 78848K, used 65075K [0x0000000084000000, 0x0000000100000000)
  region size 1024K, 39 young (39936K), 0 survivors (0K)
 Metaspace       used 58798K, committed 59648K, reserved 1114112K
  class space    used 8517K, committed 8896K, reserved 1048576K
}
Event: 3661.300 GC heap after
{Heap after GC invocations=85 (full 7):
 garbage-first heap   total reserved 2031616K, committed 95232K, used 29852K [0x0000000084000000, 0x0000000100000000)
  region size 1024K, 4 young (4096K), 4 survivors (4096K)
 Metaspace       used 58798K, committed 59648K, reserved 1114112K
  class space    used 8517K, committed 8896K, reserved 1048576K
}
Event: 3674.951 GC heap before
{Heap before GC invocations=86 (full 7):
 garbage-first heap   total reserved 2031616K, committed 95232K, used 77980K [0x0000000084000000, 0x0000000100000000)
  region size 1024K, 51 young (52224K), 4 survivors (4096K)
 Metaspace       used 59025K, committed 59840K, reserved 1114112K
  class space    used 8547K, committed 8896K, reserved 1048576K
}
Event: 3674.956 GC heap after
{Heap after GC invocations=87 (full 7):
 garbage-first heap   total reserved 2031616K, committed 95232K, used 30494K [0x0000000084000000, 0x0000000100000000)
  region size 1024K, 5 young (5120K), 5 survivors (5120K)
 Metaspace       used 59025K, committed 59840K, reserved 1114112K
  class space    used 8547K, committed 8896K, reserved 1048576K
}
Event: 3677.820 GC heap before
{Heap before GC invocations=87 (full 7):
 garbage-first heap   total reserved 2031616K, committed 95232K, used 55070K [0x0000000084000000, 0x0000000100000000)
  region size 1024K, 30 young (30720K), 5 survivors (5120K)
 Metaspace       used 59299K, committed 60160K, reserved 1114112K
  class space    used 8572K, committed 8960K, reserved 1048576K
}

