# JRE version: OpenJDK Runtime Environment Temurin-21.0.6+7 (21.0.6+7) (build 21.0.6+7-LTS)
# Java VM: OpenJDK 64-Bit Server VM Temurin-21.0.6+7 (21.0.6+7-LTS, mixed mode, sharing, tiered, compressed oops, compressed class ptrs, parallel gc, windows-amd64)
GC Precious Log:
 CardTable entry size: 512
 CPUs: 8 total, 8 available
 Memory: 7932M
 Large Page Support: Disabled
 NUMA Support: Disabled
 Compressed Oops: Enabled (32-bit)
 Alignments: Space 512K, Generation 512K, Heap 2M
 Heap Min Capacity: 100M
 Heap Initial Capacity: 100M
 Heap Max Capacity: 1G
 Pre-touch: Disabled
 Parallel Workers: 8
Heap:
 PSYoungGen      total 3072K, used 3070K [0x00000000eab00000, 0x00000000eaf80000, 0x0000000100000000)
  eden space 2560K, 99% used [0x00000000eab00000,0x00000000ead7fb00,0x00000000ead80000)
  from space 512K, 100% used [0x00000000eae80000,0x00000000eaf00000,0x00000000eaf00000)
  to   space 1024K, 0% used [0x00000000ead80000,0x00000000ead80000,0x00000000eae80000)
 ParOldGen       total 674304K, used 673923K [0x00000000c0000000, 0x00000000e9280000, 0x00000000eab00000)
  object space 674304K, 99% used [0x00000000c0000000,0x00000000e9220f28,0x00000000e9280000)
 Metaspace       used 69422K, committed 71040K, reserved 1114112K
  class space    used 6881K, committed 7552K, reserved 1048576K
GC Heap History (20 events):
Event: 64.582 GC heap before
{Heap before GC invocations=1308 (full 3):
 PSYoungGen      total 3584K, used 3192K [0x00000000eab00000, 0x00000000eaf80000, 0x0000000100000000)
  eden space 2560K, 100% used [0x00000000eab00000,0x00000000ead80000,0x00000000ead80000)
  from space 1024K, 61% used [0x00000000eae80000,0x00000000eaf1e008,0x00000000eaf80000)
  to   space 1024K, 0% used [0x00000000ead80000,0x00000000ead80000,0x00000000eae80000)
 ParOldGen       total 670208K, used 669927K [0x00000000c0000000, 0x00000000e8e80000, 0x00000000eab00000)
  object space 670208K, 99% used [0x00000000c0000000,0x00000000e8e39e48,0x00000000e8e80000)
 Metaspace       used 69421K, committed 71040K, reserved 1114112K
  class space    used 6881K, committed 7552K, reserved 1048576K
}
Event: 64.585 GC heap after
{Heap after GC invocations=1308 (full 3):
 PSYoungGen      total 3584K, used 914K [0x00000000eab00000, 0x00000000eaf80000, 0x0000000100000000)
  eden space 2560K, 0% used [0x00000000eab00000,0x00000000eab00000,0x00000000ead80000)
  from space 1024K, 89% used [0x00000000ead80000,0x00000000eae64b40,0x00000000eae80000)
  to   space 1024K, 0% used [0x00000000eae80000,0x00000000eae80000,0x00000000eaf80000)
 ParOldGen       total 670720K, used 670455K [0x00000000c0000000, 0x00000000e8f00000, 0x00000000eab00000)
  object space 670720K, 99% used [0x00000000c0000000,0x00000000e8ebde50,0x00000000e8f00000)
 Metaspace       used 69421K, committed 71040K, reserved 1114112K
  class space    used 6881K, committed 7552K, reserved 1048576K
}
Event: 64.676 GC heap before
{Heap before GC invocations=1309 (full 3):
 PSYoungGen      total 3584K, used 3474K [0x00000000eab00000, 0x00000000eaf80000, 0x0000000100000000)
  eden space 2560K, 100% used [0x00000000eab00000,0x00000000ead80000,0x00000000ead80000)
  from space 1024K, 89% used [0x00000000ead80000,0x00000000eae64b40,0x00000000eae80000)
  to   space 1024K, 0% used [0x00000000eae80000,0x00000000eae80000,0x00000000eaf80000)
 ParOldGen       total 670720K, used 670455K [0x00000000c0000000, 0x00000000e8f00000, 0x00000000eab00000)
  object space 670720K, 99% used [0x00000000c0000000,0x00000000e8ebde50,0x00000000e8f00000)
 Metaspace       used 69421K, committed 71040K, reserved 1114112K
  class space    used 6881K, committed 7552K, reserved 1048576K
}
Event: 64.678 GC heap after
{Heap after GC invocations=1309 (full 3):
 PSYoungGen      total 3072K, used 224K [0x00000000eab00000, 0x00000000eaf00000, 0x0000000100000000)
  eden space 2560K, 0% used [0x00000000eab00000,0x00000000eab00000,0x00000000ead80000)
  from space 512K, 43% used [0x00000000eae80000,0x00000000eaeb8000,0x00000000eaf00000)
  to   space 512K, 0% used [0x00000000eae00000,0x00000000eae00000,0x00000000eae80000)
 ParOldGen       total 670720K, used 670655K [0x00000000c0000000, 0x00000000e8f00000, 0x00000000eab00000)
  object space 670720K, 99% used [0x00000000c0000000,0x00000000e8eefe50,0x00000000e8f00000)
 Metaspace       used 69421K, committed 71040K, reserved 1114112K
  class space    used 6881K, committed 7552K, reserved 1048576K
}
Event: 64.688 GC heap before
{Heap before GC invocations=1310 (full 3):
 PSYoungGen      total 3072K, used 2784K [0x00000000eab00000, 0x00000000eaf00000, 0x0000000100000000)
  eden space 2560K, 100% used [0x00000000eab00000,0x00000000ead80000,0x00000000ead80000)
  from space 512K, 43% used [0x00000000eae80000,0x00000000eaeb8000,0x00000000eaf00000)
  to   space 512K, 0% used [0x00000000eae00000,0x00000000eae00000,0x00000000eae80000)
 ParOldGen       total 670720K, used 670655K [0x00000000c0000000, 0x00000000e8f00000, 0x00000000eab00000)
  object space 670720K, 99% used [0x00000000c0000000,0x00000000e8eefe50,0x00000000e8f00000)
 Metaspace       used 69421K, committed 71040K, reserved 1114112K
  class space    used 6881K, committed 7552K, reserved 1048576K
}
Event: 64.690 GC heap after
{Heap after GC invocations=1310 (full 3):
 PSYoungGen      total 3072K, used 416K [0x00000000eab00000, 0x00000000eaf00000, 0x0000000100000000)
  eden space 2560K, 0% used [0x00000000eab00000,0x00000000eab00000,0x00000000ead80000)
  from space 512K, 81% used [0x00000000eae00000,0x00000000eae68000,0x00000000eae80000)
  to   space 512K, 0% used [0x00000000eae80000,0x00000000eae80000,0x00000000eaf00000)
 ParOldGen       total 671232K, used 670760K [0x00000000c0000000, 0x00000000e8f80000, 0x00000000eab00000)
  object space 671232K, 99% used [0x00000000c0000000,0x00000000e8f0a2b8,0x00000000e8f80000)
 Metaspace       used 69421K, committed 71040K, reserved 1114112K
  class space    used 6881K, committed 7552K, reserved 1048576K
}
Event: 64.728 GC heap before
{Heap before GC invocations=1311 (full 3):
 PSYoungGen      total 3072K, used 2976K [0x00000000eab00000, 0x00000000eaf00000, 0x0000000100000000)
  eden space 2560K, 100% used [0x00000000eab00000,0x00000000ead80000,0x00000000ead80000)
  from space 512K, 81% used [0x00000000eae00000,0x00000000eae68000,0x00000000eae80000)
  to   space 512K, 0% used [0x00000000eae80000,0x00000000eae80000,0x00000000eaf00000)
 ParOldGen       total 671232K, used 670760K [0x00000000c0000000, 0x00000000e8f80000, 0x00000000eab00000)
  object space 671232K, 99% used [0x00000000c0000000,0x00000000e8f0a2b8,0x00000000e8f80000)
 Metaspace       used 69421K, committed 71040K, reserved 1114112K
  class space    used 6881K, committed 7552K, reserved 1048576K
}
Event: 64.730 GC heap after
{Heap after GC invocations=1311 (full 3):
 PSYoungGen      total 3072K, used 512K [0x00000000eab00000, 0x00000000eaf80000, 0x0000000100000000)
  eden space 2560K, 0% used [0x00000000eab00000,0x00000000eab00000,0x00000000ead80000)
  from space 512K, 100% used [0x00000000eae80000,0x00000000eaf00000,0x00000000eaf00000)
  to   space 1024K, 0% used [0x00000000ead80000,0x00000000ead80000,0x00000000eae80000)
 ParOldGen       total 671232K, used 671062K [0x00000000c0000000, 0x00000000e8f80000, 0x00000000eab00000)
  object space 671232K, 99% used [0x00000000c0000000,0x00000000e8f558c0,0x00000000e8f80000)
 Metaspace       used 69421K, committed 71040K, reserved 1114112K
  class space    used 6881K, committed 7552K, reserved 1048576K
}
Event: 64.739 GC heap before
{Heap before GC invocations=1312 (full 3):
 PSYoungGen      total 3072K, used 3072K [0x00000000eab00000, 0x00000000eaf80000, 0x0000000100000000)
  eden space 2560K, 100% used [0x00000000eab00000,0x00000000ead80000,0x00000000ead80000)
  from space 512K, 100% used [0x00000000eae80000,0x00000000eaf00000,0x00000000eaf00000)
  to   space 1024K, 0% used [0x00000000ead80000,0x00000000ead80000,0x00000000eae80000)
 ParOldGen       total 671232K, used 671062K [0x00000000c0000000, 0x00000000e8f80000, 0x00000000eab00000)
  object space 671232K, 99% used [0x00000000c0000000,0x00000000e8f558c0,0x00000000e8f80000)
 Metaspace       used 69421K, committed 71040K, reserved 1114112K
  class space    used 6881K, committed 7552K, reserved 1048576K
}
Event: 64.741 GC heap after
{Heap after GC invocations=1312 (full 3):
 PSYoungGen      total 3584K, used 512K [0x00000000eab00000, 0x00000000eaf80000, 0x0000000100000000)
  eden space 2560K, 0% used [0x00000000eab00000,0x00000000eab00000,0x00000000ead80000)
  from space 1024K, 50% used [0x00000000ead80000,0x00000000eae00000,0x00000000eae80000)
  to   space 1024K, 0% used [0x00000000eae80000,0x00000000eae80000,0x00000000eaf80000)
 ParOldGen       total 671744K, used 671475K [0x00000000c0000000, 0x00000000e9000000, 0x00000000eab00000)
  object space 671744K, 99% used [0x00000000c0000000,0x00000000e8fbcdf8,0x00000000e9000000)
 Metaspace       used 69421K, committed 71040K, reserved 1114112K
  class space    used 6881K, committed 7552K, reserved 1048576K
}
Event: 64.750 GC heap before
{Heap before GC invocations=1313 (full 3):
 PSYoungGen      total 3584K, used 3072K [0x00000000eab00000, 0x00000000eaf80000, 0x0000000100000000)
  eden space 2560K, 100% used [0x00000000eab00000,0x00000000ead80000,0x00000000ead80000)
  from space 1024K, 50% used [0x00000000ead80000,0x00000000eae00000,0x00000000eae80000)
  to   space 1024K, 0% used [0x00000000eae80000,0x00000000eae80000,0x00000000eaf80000)
 ParOldGen       total 671744K, used 671475K [0x00000000c0000000, 0x00000000e9000000, 0x00000000eab00000)
  object space 671744K, 99% used [0x00000000c0000000,0x00000000e8fbcdf8,0x00000000e9000000)
 Metaspace       used 69421K, committed 71040K, reserved 1114112K
  class space    used 6881K, committed 7552K, reserved 1048576K
}
Event: 64.752 GC heap after
{Heap after GC invocations=1313 (full 3):
 PSYoungGen      total 3072K, used 471K [0x00000000eab00000, 0x00000000eaf00000, 0x0000000100000000)
  eden space 2560K, 0% used [0x00000000eab00000,0x00000000eab00000,0x00000000ead80000)
  from space 512K, 92% used [0x00000000eae80000,0x00000000eaef5c48,0x00000000eaf00000)
  to   space 512K, 0% used [0x00000000eae00000,0x00000000eae00000,0x00000000eae80000)
 ParOldGen       total 672256K, used 671862K [0x00000000c0000000, 0x00000000e9080000, 0x00000000eab00000)
  object space 672256K, 99% used [0x00000000c0000000,0x00000000e901da00,0x00000000e9080000)
 Metaspace       used 69421K, committed 71040K, reserved 1114112K
  class space    used 6881K, committed 7552K, reserved 1048576K
}
Event: 64.763 GC heap before
{Heap before GC invocations=1314 (full 3):
 PSYoungGen      total 3072K, used 3031K [0x00000000eab00000, 0x00000000eaf00000, 0x0000000100000000)
  eden space 2560K, 100% used [0x00000000eab00000,0x00000000ead80000,0x00000000ead80000)
  from space 512K, 92% used [0x00000000eae80000,0x00000000eaef5c48,0x00000000eaf00000)
  to   space 512K, 0% used [0x00000000eae00000,0x00000000eae00000,0x00000000eae80000)
 ParOldGen       total 672256K, used 671862K [0x00000000c0000000, 0x00000000e9080000, 0x00000000eab00000)
  object space 672256K, 99% used [0x00000000c0000000,0x00000000e901da00,0x00000000e9080000)
 Metaspace       used 69421K, committed 71040K, reserved 1114112K
  class space    used 6881K, committed 7552K, reserved 1048576K
}
Event: 64.765 GC heap after
{Heap after GC invocations=1314 (full 3):
 PSYoungGen      total 3072K, used 502K [0x00000000eab00000, 0x00000000eaf80000, 0x0000000100000000)
  eden space 2560K, 0% used [0x00000000eab00000,0x00000000eab00000,0x00000000ead80000)
  from space 512K, 98% used [0x00000000eae00000,0x00000000eae7d808,0x00000000eae80000)
  to   space 1024K, 0% used [0x00000000eae80000,0x00000000eae80000,0x00000000eaf80000)
 ParOldGen       total 672256K, used 672198K [0x00000000c0000000, 0x00000000e9080000, 0x00000000eab00000)
  object space 672256K, 99% used [0x00000000c0000000,0x00000000e9071a00,0x00000000e9080000)
 Metaspace       used 69421K, committed 71040K, reserved 1114112K
  class space    used 6881K, committed 7552K, reserved 1048576K
}
Event: 64.773 GC heap before
{Heap before GC invocations=1315 (full 3):
 PSYoungGen      total 3072K, used 3062K [0x00000000eab00000, 0x00000000eaf80000, 0x0000000100000000)
  eden space 2560K, 100% used [0x00000000eab00000,0x00000000ead80000,0x00000000ead80000)
  from space 512K, 98% used [0x00000000eae00000,0x00000000eae7d808,0x00000000eae80000)
  to   space 1024K, 0% used [0x00000000eae80000,0x00000000eae80000,0x00000000eaf80000)
 ParOldGen       total 672256K, used 672198K [0x00000000c0000000, 0x00000000e9080000, 0x00000000eab00000)
  object space 672256K, 99% used [0x00000000c0000000,0x00000000e9071a00,0x00000000e9080000)
 Metaspace       used 69421K, committed 71040K, reserved 1114112K
  class space    used 6881K, committed 7552K, reserved 1048576K
}
Event: 64.775 GC heap after
{Heap after GC invocations=1315 (full 3):
 PSYoungGen      total 3584K, used 512K [0x00000000eab00000, 0x00000000eaf80000, 0x0000000100000000)
  eden space 2560K, 0% used [0x00000000eab00000,0x00000000eab00000,0x00000000ead80000)
  from space 1024K, 50% used [0x00000000eae80000,0x00000000eaf00000,0x00000000eaf80000)
  to   space 1024K, 0% used [0x00000000ead80000,0x00000000ead80000,0x00000000eae80000)
 ParOldGen       total 672768K, used 672564K [0x00000000c0000000, 0x00000000e9100000, 0x00000000eab00000)
  object space 672768K, 99% used [0x00000000c0000000,0x00000000e90cd208,0x00000000e9100000)
 Metaspace       used 69421K, committed 71040K, reserved 1114112K
  class space    used 6881K, committed 7552K, reserved 1048576K
}
Event: 64.842 GC heap before
{Heap before GC invocations=1316 (full 3):
 PSYoungGen      total 3584K, used 3072K [0x00000000eab00000, 0x00000000eaf80000, 0x0000000100000000)
  eden space 2560K, 100% used [0x00000000eab00000,0x00000000ead80000,0x00000000ead80000)
  from space 1024K, 50% used [0x00000000eae80000,0x00000000eaf00000,0x00000000eaf80000)
  to   space 1024K, 0% used [0x00000000ead80000,0x00000000ead80000,0x00000000eae80000)
 ParOldGen       total 672768K, used 672564K [0x00000000c0000000, 0x00000000e9100000, 0x00000000eab00000)
  object space 672768K, 99% used [0x00000000c0000000,0x00000000e90cd208,0x00000000e9100000)
 Metaspace       used 69421K, committed 71040K, reserved 1114112K
  class space    used 6881K, committed 7552K, reserved 1048576K
}
Event: 64.845 GC heap after
{Heap after GC invocations=1316 (full 3):
 PSYoungGen      total 3584K, used 320K [0x00000000eab00000, 0x00000000eaf00000, 0x0000000100000000)
  eden space 2560K, 0% used [0x00000000eab00000,0x00000000eab00000,0x00000000ead80000)
  from space 1024K, 31% used [0x00000000ead80000,0x00000000eadd0000,0x00000000eae80000)
  to   space 512K, 0% used [0x00000000eae80000,0x00000000eae80000,0x00000000eaf00000)
 ParOldGen       total 673280K, used 672916K [0x00000000c0000000, 0x00000000e9180000, 0x00000000eab00000)
  object space 673280K, 99% used [0x00000000c0000000,0x00000000e9125208,0x00000000e9180000)
 Metaspace       used 69421K, committed 71040K, reserved 1114112K
  class space    used 6881K, committed 7552K, reserved 1048576K
}
Event: 64.892 GC heap before
{Heap before GC invocations=1317 (full 3):
 PSYoungGen      total 3584K, used 2880K [0x00000000eab00000, 0x00000000eaf00000, 0x0000000100000000)
  eden space 2560K, 100% used [0x00000000eab00000,0x00000000ead80000,0x00000000ead80000)
  from space 1024K, 31% used [0x00000000ead80000,0x00000000eadd0000,0x00000000eae80000)
  to   space 512K, 0% used [0x00000000eae80000,0x00000000eae80000,0x00000000eaf00000)
 ParOldGen       total 673280K, used 672916K [0x00000000c0000000, 0x00000000e9180000, 0x00000000eab00000)
  object space 673280K, 99% used [0x00000000c0000000,0x00000000e9125208,0x00000000e9180000)
 Metaspace       used 69421K, committed 71040K, reserved 1114112K
  class space    used 6881K, committed 7552K, reserved 1048576K
}
Event: 65.890 GC heap after
{Heap after GC invocations=1317 (full 3):
 PSYoungGen      total 3072K, used 500K [0x00000000eab00000, 0x00000000eaf80000, 0x0000000100000000)
  eden space 2560K, 0% used [0x00000000eab00000,0x00000000eab00000,0x00000000ead80000)
  from space 512K, 97% used [0x00000000eae80000,0x00000000eaefd118,0x00000000eaf00000)
  to   space 1024K, 0% used [0x00000000ead80000,0x00000000ead80000,0x00000000eae80000)
 ParOldGen       total 673280K, used 673116K [0x00000000c0000000, 0x00000000e9180000, 0x00000000eab00000)
  object space 673280K, 99% used [0x00000000c0000000,0x00000000e9157208,0x00000000e9180000)
 Metaspace       used 69421K, committed 71040K, reserved 1114112K
  class space    used 6881K, committed 7552K, reserved 1048576K
}

