# JRE version: OpenJDK Runtime Environment Temurin-21.0.6+7 (21.0.6+7) (build 21.0.6+7-LTS)
# Java VM: OpenJDK 64-Bit Server VM Temurin-21.0.6+7 (21.0.6+7-LTS, mixed mode, sharing, tiered, compressed oops, compressed class ptrs, parallel gc, windows-amd64)
GC Precious Log:
 CardTable entry size: 512
 CPUs: 8 total, 8 available
 Memory: 7932M
 Large Page Support: Disabled
 NUMA Support: Disabled
 Compressed Oops: Enabled (32-bit)
 Alignments: Space 512K, Generation 512K, Heap 2M
 Heap Min Capacity: 100M
 Heap Initial Capacity: 100M
 Heap Max Capacity: 1G
 Pre-touch: Disabled
 Parallel Workers: 8
Heap:
 PSYoungGen      total 27136K, used 27027K [0x00000000eab00000, 0x00000000ecc00000, 0x0000000100000000)
  eden space 21504K, 100% used [0x00000000eab00000,0x00000000ec000000,0x00000000ec000000)
  from space 5632K, 98% used [0x00000000ec180000,0x00000000ec6e4e18,0x00000000ec700000)
  to   space 5120K, 99% used [0x00000000ec700000,0x00000000ecbfa058,0x00000000ecc00000)
 ParOldGen       total 78848K, used 78844K [0x00000000c0000000, 0x00000000c4d00000, 0x00000000eab00000)
  object space 78848K, 99% used [0x00000000c0000000,0x00000000c4cff3f8,0x00000000c4d00000)
 Metaspace       used 53259K, committed 54528K, reserved 1114112K
  class space    used 5611K, committed 6208K, reserved 1048576K
GC Heap History (20 events):
Event: 21.335 GC heap after
{Heap after GC invocations=28 (full 2):
 PSYoungGen      total 25088K, used 3259K [0x00000000eab00000, 0x00000000ec880000, 0x0000000100000000)
  eden space 21504K, 0% used [0x00000000eab00000,0x00000000eab00000,0x00000000ec000000)
  from space 3584K, 90% used [0x00000000ec500000,0x00000000ec82ec30,0x00000000ec880000)
  to   space 4096K, 0% used [0x00000000ec080000,0x00000000ec080000,0x00000000ec480000)
 ParOldGen       total 68608K, used 38959K [0x00000000c0000000, 0x00000000c4300000, 0x00000000eab00000)
  object space 68608K, 56% used [0x00000000c0000000,0x00000000c260bdc0,0x00000000c4300000)
 Metaspace       used 47695K, committed 48960K, reserved 1114112K
  class space    used 4993K, committed 5568K, reserved 1048576K
}
Event: 21.968 GC heap before
{Heap before GC invocations=29 (full 2):
 PSYoungGen      total 25088K, used 24763K [0x00000000eab00000, 0x00000000ec880000, 0x0000000100000000)
  eden space 21504K, 100% used [0x00000000eab00000,0x00000000ec000000,0x00000000ec000000)
  from space 3584K, 90% used [0x00000000ec500000,0x00000000ec82ec30,0x00000000ec880000)
  to   space 4096K, 0% used [0x00000000ec080000,0x00000000ec080000,0x00000000ec480000)
 ParOldGen       total 68608K, used 38959K [0x00000000c0000000, 0x00000000c4300000, 0x00000000eab00000)
  object space 68608K, 56% used [0x00000000c0000000,0x00000000c260bdc0,0x00000000c4300000)
 Metaspace       used 48402K, committed 49664K, reserved 1114112K
  class space    used 5064K, committed 5632K, reserved 1048576K
}
Event: 21.979 GC heap after
{Heap after GC invocations=29 (full 2):
 PSYoungGen      total 25600K, used 4093K [0x00000000eab00000, 0x00000000ed800000, 0x0000000100000000)
  eden space 21504K, 0% used [0x00000000eab00000,0x00000000eab00000,0x00000000ec000000)
  from space 4096K, 99% used [0x00000000ec080000,0x00000000ec47f790,0x00000000ec480000)
  to   space 12288K, 0% used [0x00000000ecc00000,0x00000000ecc00000,0x00000000ed800000)
 ParOldGen       total 68608K, used 45811K [0x00000000c0000000, 0x00000000c4300000, 0x00000000eab00000)
  object space 68608K, 66% used [0x00000000c0000000,0x00000000c2cbcdb0,0x00000000c4300000)
 Metaspace       used 48402K, committed 49664K, reserved 1114112K
  class space    used 5064K, committed 5632K, reserved 1048576K
}
Event: 22.868 GC heap before
{Heap before GC invocations=30 (full 2):
 PSYoungGen      total 25600K, used 25597K [0x00000000eab00000, 0x00000000ed800000, 0x0000000100000000)
  eden space 21504K, 100% used [0x00000000eab00000,0x00000000ec000000,0x00000000ec000000)
  from space 4096K, 99% used [0x00000000ec080000,0x00000000ec47f790,0x00000000ec480000)
  to   space 12288K, 0% used [0x00000000ecc00000,0x00000000ecc00000,0x00000000ed800000)
 ParOldGen       total 68608K, used 45811K [0x00000000c0000000, 0x00000000c4300000, 0x00000000eab00000)
  object space 68608K, 66% used [0x00000000c0000000,0x00000000c2cbcdb0,0x00000000c4300000)
 Metaspace       used 50637K, committed 51904K, reserved 1114112K
  class space    used 5304K, committed 5888K, reserved 1048576K
}
Event: 22.875 GC heap after
{Heap after GC invocations=30 (full 2):
 PSYoungGen      total 24064K, used 2405K [0x00000000eab00000, 0x00000000ece80000, 0x0000000100000000)
  eden space 21504K, 0% used [0x00000000eab00000,0x00000000eab00000,0x00000000ec000000)
  from space 2560K, 93% used [0x00000000ecc00000,0x00000000ece597c0,0x00000000ece80000)
  to   space 5632K, 0% used [0x00000000ec380000,0x00000000ec380000,0x00000000ec900000)
 ParOldGen       total 68608K, used 49824K [0x00000000c0000000, 0x00000000c4300000, 0x00000000eab00000)
  object space 68608K, 72% used [0x00000000c0000000,0x00000000c30a8390,0x00000000c4300000)
 Metaspace       used 50637K, committed 51904K, reserved 1114112K
  class space    used 5304K, committed 5888K, reserved 1048576K
}
Event: 24.816 GC heap before
{Heap before GC invocations=31 (full 2):
 PSYoungGen      total 24064K, used 23909K [0x00000000eab00000, 0x00000000ece80000, 0x0000000100000000)
  eden space 21504K, 100% used [0x00000000eab00000,0x00000000ec000000,0x00000000ec000000)
  from space 2560K, 93% used [0x00000000ecc00000,0x00000000ece597c0,0x00000000ece80000)
  to   space 5632K, 0% used [0x00000000ec380000,0x00000000ec380000,0x00000000ec900000)
 ParOldGen       total 68608K, used 49824K [0x00000000c0000000, 0x00000000c4300000, 0x00000000eab00000)
  object space 68608K, 72% used [0x00000000c0000000,0x00000000c30a8390,0x00000000c4300000)
 Metaspace       used 51662K, committed 52928K, reserved 1114112K
  class space    used 5450K, committed 6016K, reserved 1048576K
}
Event: 24.824 GC heap after
{Heap after GC invocations=31 (full 2):
 PSYoungGen      total 27136K, used 2554K [0x00000000eab00000, 0x00000000ecc80000, 0x0000000100000000)
  eden space 21504K, 0% used [0x00000000eab00000,0x00000000eab00000,0x00000000ec000000)
  from space 5632K, 45% used [0x00000000ec380000,0x00000000ec5fe9d8,0x00000000ec900000)
  to   space 3072K, 0% used [0x00000000ec980000,0x00000000ec980000,0x00000000ecc80000)
 ParOldGen       total 68608K, used 51966K [0x00000000c0000000, 0x00000000c4300000, 0x00000000eab00000)
  object space 68608K, 75% used [0x00000000c0000000,0x00000000c32bfaf0,0x00000000c4300000)
 Metaspace       used 51662K, committed 52928K, reserved 1114112K
  class space    used 5450K, committed 6016K, reserved 1048576K
}
Event: 27.244 GC heap before
{Heap before GC invocations=32 (full 2):
 PSYoungGen      total 27136K, used 24058K [0x00000000eab00000, 0x00000000ecc80000, 0x0000000100000000)
  eden space 21504K, 100% used [0x00000000eab00000,0x00000000ec000000,0x00000000ec000000)
  from space 5632K, 45% used [0x00000000ec380000,0x00000000ec5fe9d8,0x00000000ec900000)
  to   space 3072K, 0% used [0x00000000ec980000,0x00000000ec980000,0x00000000ecc80000)
 ParOldGen       total 68608K, used 51966K [0x00000000c0000000, 0x00000000c4300000, 0x00000000eab00000)
  object space 68608K, 75% used [0x00000000c0000000,0x00000000c32bfaf0,0x00000000c4300000)
 Metaspace       used 51943K, committed 53248K, reserved 1114112K
  class space    used 5487K, committed 6080K, reserved 1048576K
}
Event: 27.306 GC heap after
{Heap after GC invocations=32 (full 2):
 PSYoungGen      total 24576K, used 3057K [0x00000000eab00000, 0x00000000ecd00000, 0x0000000100000000)
  eden space 21504K, 0% used [0x00000000eab00000,0x00000000eab00000,0x00000000ec000000)
  from space 3072K, 99% used [0x00000000ec980000,0x00000000ecc7c7e8,0x00000000ecc80000)
  to   space 6656K, 0% used [0x00000000ec000000,0x00000000ec000000,0x00000000ec680000)
 ParOldGen       total 68608K, used 54553K [0x00000000c0000000, 0x00000000c4300000, 0x00000000eab00000)
  object space 68608K, 79% used [0x00000000c0000000,0x00000000c35465d8,0x00000000c4300000)
 Metaspace       used 51943K, committed 53248K, reserved 1114112K
  class space    used 5487K, committed 6080K, reserved 1048576K
}
Event: 28.060 GC heap before
{Heap before GC invocations=33 (full 2):
 PSYoungGen      total 24576K, used 24561K [0x00000000eab00000, 0x00000000ecd00000, 0x0000000100000000)
  eden space 21504K, 100% used [0x00000000eab00000,0x00000000ec000000,0x00000000ec000000)
  from space 3072K, 99% used [0x00000000ec980000,0x00000000ecc7c7e8,0x00000000ecc80000)
  to   space 6656K, 0% used [0x00000000ec000000,0x00000000ec000000,0x00000000ec680000)
 ParOldGen       total 68608K, used 54553K [0x00000000c0000000, 0x00000000c4300000, 0x00000000eab00000)
  object space 68608K, 79% used [0x00000000c0000000,0x00000000c35465d8,0x00000000c4300000)
 Metaspace       used 52330K, committed 53696K, reserved 1114112K
  class space    used 5527K, committed 6144K, reserved 1048576K
}
Event: 28.067 GC heap after
{Heap after GC invocations=33 (full 2):
 PSYoungGen      total 25600K, used 3606K [0x00000000eab00000, 0x00000000eca00000, 0x0000000100000000)
  eden space 21504K, 0% used [0x00000000eab00000,0x00000000eab00000,0x00000000ec000000)
  from space 4096K, 88% used [0x00000000ec000000,0x00000000ec385858,0x00000000ec400000)
  to   space 4608K, 0% used [0x00000000ec580000,0x00000000ec580000,0x00000000eca00000)
 ParOldGen       total 68608K, used 57449K [0x00000000c0000000, 0x00000000c4300000, 0x00000000eab00000)
  object space 68608K, 83% used [0x00000000c0000000,0x00000000c381a710,0x00000000c4300000)
 Metaspace       used 52330K, committed 53696K, reserved 1114112K
  class space    used 5527K, committed 6144K, reserved 1048576K
}
Event: 28.343 GC heap before
{Heap before GC invocations=34 (full 2):
 PSYoungGen      total 25600K, used 25102K [0x00000000eab00000, 0x00000000eca00000, 0x0000000100000000)
  eden space 21504K, 99% used [0x00000000eab00000,0x00000000ebffe1c8,0x00000000ec000000)
  from space 4096K, 88% used [0x00000000ec000000,0x00000000ec385858,0x00000000ec400000)
  to   space 4608K, 0% used [0x00000000ec580000,0x00000000ec580000,0x00000000eca00000)
 ParOldGen       total 68608K, used 57449K [0x00000000c0000000, 0x00000000c4300000, 0x00000000eab00000)
  object space 68608K, 83% used [0x00000000c0000000,0x00000000c381a710,0x00000000c4300000)
 Metaspace       used 52672K, committed 53952K, reserved 1114112K
  class space    used 5559K, committed 6144K, reserved 1048576K
}
Event: 28.351 GC heap after
{Heap after GC invocations=34 (full 2):
 PSYoungGen      total 25600K, used 3894K [0x00000000eab00000, 0x00000000ec980000, 0x0000000100000000)
  eden space 21504K, 0% used [0x00000000eab00000,0x00000000eab00000,0x00000000ec000000)
  from space 4096K, 95% used [0x00000000ec580000,0x00000000ec94da10,0x00000000ec980000)
  to   space 4096K, 0% used [0x00000000ec000000,0x00000000ec000000,0x00000000ec400000)
 ParOldGen       total 68608K, used 60870K [0x00000000c0000000, 0x00000000c4300000, 0x00000000eab00000)
  object space 68608K, 88% used [0x00000000c0000000,0x00000000c3b71a68,0x00000000c4300000)
 Metaspace       used 52672K, committed 53952K, reserved 1114112K
  class space    used 5559K, committed 6144K, reserved 1048576K
}
Event: 28.503 GC heap before
{Heap before GC invocations=35 (full 2):
 PSYoungGen      total 25600K, used 25398K [0x00000000eab00000, 0x00000000ec980000, 0x0000000100000000)
  eden space 21504K, 100% used [0x00000000eab00000,0x00000000ec000000,0x00000000ec000000)
  from space 4096K, 95% used [0x00000000ec580000,0x00000000ec94da10,0x00000000ec980000)
  to   space 4096K, 0% used [0x00000000ec000000,0x00000000ec000000,0x00000000ec400000)
 ParOldGen       total 68608K, used 60870K [0x00000000c0000000, 0x00000000c4300000, 0x00000000eab00000)
  object space 68608K, 88% used [0x00000000c0000000,0x00000000c3b71a68,0x00000000c4300000)
 Metaspace       used 53112K, committed 54464K, reserved 1114112K
  class space    used 5596K, committed 6208K, reserved 1048576K
}
Event: 28.509 GC heap after
{Heap after GC invocations=35 (full 2):
 PSYoungGen      total 25600K, used 4091K [0x00000000eab00000, 0x00000000ed100000, 0x0000000100000000)
  eden space 21504K, 0% used [0x00000000eab00000,0x00000000eab00000,0x00000000ec000000)
  from space 4096K, 99% used [0x00000000ec000000,0x00000000ec3fef10,0x00000000ec400000)
  to   space 8704K, 0% used [0x00000000ec880000,0x00000000ec880000,0x00000000ed100000)
 ParOldGen       total 68608K, used 64561K [0x00000000c0000000, 0x00000000c4300000, 0x00000000eab00000)
  object space 68608K, 94% used [0x00000000c0000000,0x00000000c3f0c790,0x00000000c4300000)
 Metaspace       used 53112K, committed 54464K, reserved 1114112K
  class space    used 5596K, committed 6208K, reserved 1048576K
}
Event: 28.629 GC heap before
{Heap before GC invocations=36 (full 2):
 PSYoungGen      total 25600K, used 25595K [0x00000000eab00000, 0x00000000ed100000, 0x0000000100000000)
  eden space 21504K, 100% used [0x00000000eab00000,0x00000000ec000000,0x00000000ec000000)
  from space 4096K, 99% used [0x00000000ec000000,0x00000000ec3fef10,0x00000000ec400000)
  to   space 8704K, 0% used [0x00000000ec880000,0x00000000ec880000,0x00000000ed100000)
 ParOldGen       total 68608K, used 64561K [0x00000000c0000000, 0x00000000c4300000, 0x00000000eab00000)
  object space 68608K, 94% used [0x00000000c0000000,0x00000000c3f0c790,0x00000000c4300000)
 Metaspace       used 53118K, committed 54464K, reserved 1114112K
  class space    used 5596K, committed 6208K, reserved 1048576K
}
Event: 28.635 GC heap after
{Heap after GC invocations=36 (full 2):
 PSYoungGen      total 27648K, used 5691K [0x00000000eab00000, 0x00000000ece80000, 0x0000000100000000)
  eden space 21504K, 0% used [0x00000000eab00000,0x00000000eab00000,0x00000000ec000000)
  from space 6144K, 92% used [0x00000000ec880000,0x00000000ece0ef50,0x00000000ece80000)
  to   space 6656K, 0% used [0x00000000ec180000,0x00000000ec180000,0x00000000ec800000)
 ParOldGen       total 68608K, used 68476K [0x00000000c0000000, 0x00000000c4300000, 0x00000000eab00000)
  object space 68608K, 99% used [0x00000000c0000000,0x00000000c42df290,0x00000000c4300000)
 Metaspace       used 53118K, committed 54464K, reserved 1114112K
  class space    used 5596K, committed 6208K, reserved 1048576K
}
Event: 28.775 GC heap before
{Heap before GC invocations=37 (full 2):
 PSYoungGen      total 27648K, used 27195K [0x00000000eab00000, 0x00000000ece80000, 0x0000000100000000)
  eden space 21504K, 100% used [0x00000000eab00000,0x00000000ec000000,0x00000000ec000000)
  from space 6144K, 92% used [0x00000000ec880000,0x00000000ece0ef50,0x00000000ece80000)
  to   space 6656K, 0% used [0x00000000ec180000,0x00000000ec180000,0x00000000ec800000)
 ParOldGen       total 68608K, used 68476K [0x00000000c0000000, 0x00000000c4300000, 0x00000000eab00000)
  object space 68608K, 99% used [0x00000000c0000000,0x00000000c42df290,0x00000000c4300000)
 Metaspace       used 53124K, committed 54464K, reserved 1114112K
  class space    used 5596K, committed 6208K, reserved 1048576K
}
Event: 28.782 GC heap after
{Heap after GC invocations=37 (full 2):
 PSYoungGen      total 27136K, used 5523K [0x00000000eab00000, 0x00000000ecc00000, 0x0000000100000000)
  eden space 21504K, 0% used [0x00000000eab00000,0x00000000eab00000,0x00000000ec000000)
  from space 5632K, 98% used [0x00000000ec180000,0x00000000ec6e4e18,0x00000000ec700000)
  to   space 5120K, 0% used [0x00000000ec700000,0x00000000ec700000,0x00000000ecc00000)
 ParOldGen       total 74240K, used 73918K [0x00000000c0000000, 0x00000000c4880000, 0x00000000eab00000)
  object space 74240K, 99% used [0x00000000c0000000,0x00000000c482f9f8,0x00000000c4880000)
 Metaspace       used 53124K, committed 54464K, reserved 1114112K
  class space    used 5596K, committed 6208K, reserved 1048576K
}
Event: 28.932 GC heap before
{Heap before GC invocations=38 (full 2):
 PSYoungGen      total 27136K, used 27027K [0x00000000eab00000, 0x00000000ecc00000, 0x0000000100000000)
  eden space 21504K, 100% used [0x00000000eab00000,0x00000000ec000000,0x00000000ec000000)
  from space 5632K, 98% used [0x00000000ec180000,0x00000000ec6e4e18,0x00000000ec700000)
  to   space 5120K, 0% used [0x00000000ec700000,0x00000000ec700000,0x00000000ecc00000)
 ParOldGen       total 74240K, used 73918K [0x00000000c0000000, 0x00000000c4880000, 0x00000000eab00000)
  object space 74240K, 99% used [0x00000000c0000000,0x00000000c482f9f8,0x00000000c4880000)
 Metaspace       used 53259K, committed 54528K, reserved 1114112K
  class space    used 5611K, committed 6208K, reserved 1048576K
}

