# JRE version: OpenJDK Runtime Environment Temurin-21.0.6+7 (21.0.6+7) (build 21.0.6+7-LTS)
# Java VM: OpenJDK 64-Bit Server VM Temurin-21.0.6+7 (21.0.6+7-LTS, mixed mode, sharing, tiered, compressed oops, compressed class ptrs, parallel gc, windows-amd64)
GC Precious Log:
 CardTable entry size: 512
 CPUs: 8 total, 8 available
 Memory: 7932M
 Large Page Support: Disabled
 NUMA Support: Disabled
 Compressed Oops: Enabled (32-bit)
 Alignments: Space 512K, Generation 512K, Heap 2M
 Heap Min Capacity: 100M
 Heap Initial Capacity: 100M
 Heap Max Capacity: 1G
 Pre-touch: Disabled
 Parallel Workers: 8
Heap:
 PSYoungGen      total 5632K, used 1008K [0x00000000eab00000, 0x00000000eb180000, 0x0000000100000000)
  eden space 4608K, 0% used [0x00000000eab00000,0x00000000eab00000,0x00000000eaf80000)
  from space 1024K, 98% used [0x00000000eaf80000,0x00000000eb07c010,0x00000000eb080000)
  to   space 512K, 0% used [0x00000000eb080000,0x00000000eb080000,0x00000000eb100000)
 ParOldGen       total 111616K, used 104952K [0x00000000c0000000, 0x00000000c6d00000, 0x00000000eab00000)
  object space 111616K, 94% used [0x00000000c0000000,0x00000000c667e3f8,0x00000000c6d00000)
 Metaspace       used 77555K, committed 78976K, reserved 1179648K
  class space    used 7549K, committed 8192K, reserved 1048576K
GC Heap History (20 events):
Event: 1224.380 GC heap before
{Heap before GC invocations=1293 (full 5):
 PSYoungGen      total 5632K, used 5460K [0x00000000eab00000, 0x00000000eb180000, 0x0000000100000000)
  eden space 4608K, 100% used [0x00000000eab00000,0x00000000eaf80000,0x00000000eaf80000)
  from space 1024K, 83% used [0x00000000eb080000,0x00000000eb155200,0x00000000eb180000)
  to   space 1024K, 0% used [0x00000000eaf80000,0x00000000eaf80000,0x00000000eb080000)
 ParOldGen       total 111616K, used 99470K [0x00000000c0000000, 0x00000000c6d00000, 0x00000000eab00000)
  object space 111616K, 89% used [0x00000000c0000000,0x00000000c6123b68,0x00000000c6d00000)
 Metaspace       used 76505K, committed 78400K, reserved 1179648K
  class space    used 7402K, committed 8192K, reserved 1048576K
}
Event: 1224.383 GC heap after
{Heap after GC invocations=1293 (full 5):
 PSYoungGen      total 5632K, used 864K [0x00000000eab00000, 0x00000000eb180000, 0x0000000100000000)
  eden space 4608K, 0% used [0x00000000eab00000,0x00000000eab00000,0x00000000eaf80000)
  from space 1024K, 84% used [0x00000000eaf80000,0x00000000eb058020,0x00000000eb080000)
  to   space 1024K, 0% used [0x00000000eb080000,0x00000000eb080000,0x00000000eb180000)
 ParOldGen       total 111616K, used 100260K [0x00000000c0000000, 0x00000000c6d00000, 0x00000000eab00000)
  object space 111616K, 89% used [0x00000000c0000000,0x00000000c61e9088,0x00000000c6d00000)
 Metaspace       used 76505K, committed 78400K, reserved 1179648K
  class space    used 7402K, committed 8192K, reserved 1048576K
}
Event: 1224.658 GC heap before
{Heap before GC invocations=1294 (full 5):
 PSYoungGen      total 5632K, used 5472K [0x00000000eab00000, 0x00000000eb180000, 0x0000000100000000)
  eden space 4608K, 100% used [0x00000000eab00000,0x00000000eaf80000,0x00000000eaf80000)
  from space 1024K, 84% used [0x00000000eaf80000,0x00000000eb058020,0x00000000eb080000)
  to   space 1024K, 0% used [0x00000000eb080000,0x00000000eb080000,0x00000000eb180000)
 ParOldGen       total 111616K, used 100260K [0x00000000c0000000, 0x00000000c6d00000, 0x00000000eab00000)
  object space 111616K, 89% used [0x00000000c0000000,0x00000000c61e9088,0x00000000c6d00000)
 Metaspace       used 76530K, committed 78400K, reserved 1179648K
  class space    used 7403K, committed 8192K, reserved 1048576K
}
Event: 1224.663 GC heap after
{Heap after GC invocations=1294 (full 5):
 PSYoungGen      total 5632K, used 596K [0x00000000eab00000, 0x00000000eb180000, 0x0000000100000000)
  eden space 4608K, 0% used [0x00000000eab00000,0x00000000eab00000,0x00000000eaf80000)
  from space 1024K, 58% used [0x00000000eb080000,0x00000000eb115200,0x00000000eb180000)
  to   space 1024K, 0% used [0x00000000eaf80000,0x00000000eaf80000,0x00000000eb080000)
 ParOldGen       total 111616K, used 100988K [0x00000000c0000000, 0x00000000c6d00000, 0x00000000eab00000)
  object space 111616K, 90% used [0x00000000c0000000,0x00000000c629f0a8,0x00000000c6d00000)
 Metaspace       used 76530K, committed 78400K, reserved 1179648K
  class space    used 7403K, committed 8192K, reserved 1048576K
}
Event: 1224.671 GC heap before
{Heap before GC invocations=1295 (full 5):
 PSYoungGen      total 5632K, used 5204K [0x00000000eab00000, 0x00000000eb180000, 0x0000000100000000)
  eden space 4608K, 100% used [0x00000000eab00000,0x00000000eaf80000,0x00000000eaf80000)
  from space 1024K, 58% used [0x00000000eb080000,0x00000000eb115200,0x00000000eb180000)
  to   space 1024K, 0% used [0x00000000eaf80000,0x00000000eaf80000,0x00000000eb080000)
 ParOldGen       total 111616K, used 100988K [0x00000000c0000000, 0x00000000c6d00000, 0x00000000eab00000)
  object space 111616K, 90% used [0x00000000c0000000,0x00000000c629f0a8,0x00000000c6d00000)
 Metaspace       used 76533K, committed 78400K, reserved 1179648K
  class space    used 7403K, committed 8192K, reserved 1048576K
}
Event: 1224.674 GC heap after
{Heap after GC invocations=1295 (full 5):
 PSYoungGen      total 5632K, used 864K [0x00000000eab00000, 0x00000000eb180000, 0x0000000100000000)
  eden space 4608K, 0% used [0x00000000eab00000,0x00000000eab00000,0x00000000eaf80000)
  from space 1024K, 84% used [0x00000000eaf80000,0x00000000eb058000,0x00000000eb080000)
  to   space 1024K, 0% used [0x00000000eb080000,0x00000000eb080000,0x00000000eb180000)
 ParOldGen       total 111616K, used 101508K [0x00000000c0000000, 0x00000000c6d00000, 0x00000000eab00000)
  object space 111616K, 90% used [0x00000000c0000000,0x00000000c63211b8,0x00000000c6d00000)
 Metaspace       used 76533K, committed 78400K, reserved 1179648K
  class space    used 7403K, committed 8192K, reserved 1048576K
}
Event: 1226.120 GC heap before
{Heap before GC invocations=1296 (full 5):
 PSYoungGen      total 5632K, used 5472K [0x00000000eab00000, 0x00000000eb180000, 0x0000000100000000)
  eden space 4608K, 100% used [0x00000000eab00000,0x00000000eaf80000,0x00000000eaf80000)
  from space 1024K, 84% used [0x00000000eaf80000,0x00000000eb058000,0x00000000eb080000)
  to   space 1024K, 0% used [0x00000000eb080000,0x00000000eb080000,0x00000000eb180000)
 ParOldGen       total 111616K, used 101508K [0x00000000c0000000, 0x00000000c6d00000, 0x00000000eab00000)
  object space 111616K, 90% used [0x00000000c0000000,0x00000000c63211b8,0x00000000c6d00000)
 Metaspace       used 76558K, committed 78464K, reserved 1179648K
  class space    used 7405K, committed 8192K, reserved 1048576K
}
Event: 1226.123 GC heap after
{Heap after GC invocations=1296 (full 5):
 PSYoungGen      total 5632K, used 788K [0x00000000eab00000, 0x00000000eb180000, 0x0000000100000000)
  eden space 4608K, 0% used [0x00000000eab00000,0x00000000eab00000,0x00000000eaf80000)
  from space 1024K, 77% used [0x00000000eb080000,0x00000000eb145200,0x00000000eb180000)
  to   space 1024K, 0% used [0x00000000eaf80000,0x00000000eaf80000,0x00000000eb080000)
 ParOldGen       total 111616K, used 102300K [0x00000000c0000000, 0x00000000c6d00000, 0x00000000eab00000)
  object space 111616K, 91% used [0x00000000c0000000,0x00000000c63e71d8,0x00000000c6d00000)
 Metaspace       used 76558K, committed 78464K, reserved 1179648K
  class space    used 7405K, committed 8192K, reserved 1048576K
}
Event: 1226.128 GC heap before
{Heap before GC invocations=1297 (full 5):
 PSYoungGen      total 5632K, used 5396K [0x00000000eab00000, 0x00000000eb180000, 0x0000000100000000)
  eden space 4608K, 100% used [0x00000000eab00000,0x00000000eaf80000,0x00000000eaf80000)
  from space 1024K, 77% used [0x00000000eb080000,0x00000000eb145200,0x00000000eb180000)
  to   space 1024K, 0% used [0x00000000eaf80000,0x00000000eaf80000,0x00000000eb080000)
 ParOldGen       total 111616K, used 102300K [0x00000000c0000000, 0x00000000c6d00000, 0x00000000eab00000)
  object space 111616K, 91% used [0x00000000c0000000,0x00000000c63e71d8,0x00000000c6d00000)
 Metaspace       used 76558K, committed 78464K, reserved 1179648K
  class space    used 7405K, committed 8192K, reserved 1048576K
}
Event: 1226.131 GC heap after
{Heap after GC invocations=1297 (full 5):
 PSYoungGen      total 5632K, used 752K [0x00000000eab00000, 0x00000000eb180000, 0x0000000100000000)
  eden space 4608K, 0% used [0x00000000eab00000,0x00000000eab00000,0x00000000eaf80000)
  from space 1024K, 73% used [0x00000000eaf80000,0x00000000eb03c010,0x00000000eb080000)
  to   space 1024K, 0% used [0x00000000eb080000,0x00000000eb080000,0x00000000eb180000)
 ParOldGen       total 111616K, used 102999K [0x00000000c0000000, 0x00000000c6d00000, 0x00000000eab00000)
  object space 111616K, 92% used [0x00000000c0000000,0x00000000c6495d98,0x00000000c6d00000)
 Metaspace       used 76558K, committed 78464K, reserved 1179648K
  class space    used 7405K, committed 8192K, reserved 1048576K
}
Event: 1226.194 GC heap before
{Heap before GC invocations=1298 (full 5):
 PSYoungGen      total 5632K, used 5360K [0x00000000eab00000, 0x00000000eb180000, 0x0000000100000000)
  eden space 4608K, 100% used [0x00000000eab00000,0x00000000eaf80000,0x00000000eaf80000)
  from space 1024K, 73% used [0x00000000eaf80000,0x00000000eb03c010,0x00000000eb080000)
  to   space 1024K, 0% used [0x00000000eb080000,0x00000000eb080000,0x00000000eb180000)
 ParOldGen       total 111616K, used 102999K [0x00000000c0000000, 0x00000000c6d00000, 0x00000000eab00000)
  object space 111616K, 92% used [0x00000000c0000000,0x00000000c6495d98,0x00000000c6d00000)
 Metaspace       used 76954K, committed 78592K, reserved 1179648K
  class space    used 7451K, committed 8192K, reserved 1048576K
}
Event: 1226.195 GC heap after
{Heap after GC invocations=1298 (full 5):
 PSYoungGen      total 5120K, used 352K [0x00000000eab00000, 0x00000000eb100000, 0x0000000100000000)
  eden space 4608K, 0% used [0x00000000eab00000,0x00000000eab00000,0x00000000eaf80000)
  from space 512K, 68% used [0x00000000eb080000,0x00000000eb0d8000,0x00000000eb100000)
  to   space 512K, 0% used [0x00000000eb000000,0x00000000eb000000,0x00000000eb080000)
 ParOldGen       total 111616K, used 103671K [0x00000000c0000000, 0x00000000c6d00000, 0x00000000eab00000)
  object space 111616K, 92% used [0x00000000c0000000,0x00000000c653ddb8,0x00000000c6d00000)
 Metaspace       used 76954K, committed 78592K, reserved 1179648K
  class space    used 7451K, committed 8192K, reserved 1048576K
}
Event: 1284.672 GC heap before
{Heap before GC invocations=1299 (full 5):
 PSYoungGen      total 5120K, used 4960K [0x00000000eab00000, 0x00000000eb100000, 0x0000000100000000)
  eden space 4608K, 100% used [0x00000000eab00000,0x00000000eaf80000,0x00000000eaf80000)
  from space 512K, 68% used [0x00000000eb080000,0x00000000eb0d8000,0x00000000eb100000)
  to   space 512K, 0% used [0x00000000eb000000,0x00000000eb000000,0x00000000eb080000)
 ParOldGen       total 111616K, used 103671K [0x00000000c0000000, 0x00000000c6d00000, 0x00000000eab00000)
  object space 111616K, 92% used [0x00000000c0000000,0x00000000c653ddb8,0x00000000c6d00000)
 Metaspace       used 77516K, committed 78976K, reserved 1179648K
  class space    used 7548K, committed 8192K, reserved 1048576K
}
Event: 1284.675 GC heap after
{Heap after GC invocations=1299 (full 5):
 PSYoungGen      total 5120K, used 447K [0x00000000eab00000, 0x00000000eb100000, 0x0000000100000000)
  eden space 4608K, 0% used [0x00000000eab00000,0x00000000eab00000,0x00000000eaf80000)
  from space 512K, 87% used [0x00000000eb000000,0x00000000eb06fc48,0x00000000eb080000)
  to   space 512K, 0% used [0x00000000eb080000,0x00000000eb080000,0x00000000eb100000)
 ParOldGen       total 111616K, used 103884K [0x00000000c0000000, 0x00000000c6d00000, 0x00000000eab00000)
  object space 111616K, 93% used [0x00000000c0000000,0x00000000c6573010,0x00000000c6d00000)
 Metaspace       used 77516K, committed 78976K, reserved 1179648K
  class space    used 7548K, committed 8192K, reserved 1048576K
}
Event: 3433.495 GC heap before
{Heap before GC invocations=1300 (full 5):
 PSYoungGen      total 5120K, used 5055K [0x00000000eab00000, 0x00000000eb100000, 0x0000000100000000)
  eden space 4608K, 99% used [0x00000000eab00000,0x00000000eaf7fff8,0x00000000eaf80000)
  from space 512K, 87% used [0x00000000eb000000,0x00000000eb06fc48,0x00000000eb080000)
  to   space 512K, 0% used [0x00000000eb080000,0x00000000eb080000,0x00000000eb100000)
 ParOldGen       total 111616K, used 103884K [0x00000000c0000000, 0x00000000c6d00000, 0x00000000eab00000)
  object space 111616K, 93% used [0x00000000c0000000,0x00000000c6573010,0x00000000c6d00000)
 Metaspace       used 77535K, committed 78976K, reserved 1179648K
  class space    used 7548K, committed 8192K, reserved 1048576K
}
Event: 3433.558 GC heap after
{Heap after GC invocations=1300 (full 5):
 PSYoungGen      total 5120K, used 480K [0x00000000eab00000, 0x00000000eb100000, 0x0000000100000000)
  eden space 4608K, 0% used [0x00000000eab00000,0x00000000eab00000,0x00000000eaf80000)
  from space 512K, 93% used [0x00000000eb080000,0x00000000eb0f8020,0x00000000eb100000)
  to   space 512K, 0% used [0x00000000eb000000,0x00000000eb000000,0x00000000eb080000)
 ParOldGen       total 111616K, used 104244K [0x00000000c0000000, 0x00000000c6d00000, 0x00000000eab00000)
  object space 111616K, 93% used [0x00000000c0000000,0x00000000c65cd188,0x00000000c6d00000)
 Metaspace       used 77535K, committed 78976K, reserved 1179648K
  class space    used 7548K, committed 8192K, reserved 1048576K
}
Event: 3434.770 GC heap before
{Heap before GC invocations=1301 (full 5):
 PSYoungGen      total 5120K, used 5088K [0x00000000eab00000, 0x00000000eb100000, 0x0000000100000000)
  eden space 4608K, 100% used [0x00000000eab00000,0x00000000eaf80000,0x00000000eaf80000)
  from space 512K, 93% used [0x00000000eb080000,0x00000000eb0f8020,0x00000000eb100000)
  to   space 512K, 0% used [0x00000000eb000000,0x00000000eb000000,0x00000000eb080000)
 ParOldGen       total 111616K, used 104244K [0x00000000c0000000, 0x00000000c6d00000, 0x00000000eab00000)
  object space 111616K, 93% used [0x00000000c0000000,0x00000000c65cd188,0x00000000c6d00000)
 Metaspace       used 77543K, committed 78976K, reserved 1179648K
  class space    used 7548K, committed 8192K, reserved 1048576K
}
Event: 3434.776 GC heap after
{Heap after GC invocations=1301 (full 5):
 PSYoungGen      total 5120K, used 256K [0x00000000eab00000, 0x00000000eb100000, 0x0000000100000000)
  eden space 4608K, 0% used [0x00000000eab00000,0x00000000eab00000,0x00000000eaf80000)
  from space 512K, 50% used [0x00000000eb000000,0x00000000eb040000,0x00000000eb080000)
  to   space 512K, 0% used [0x00000000eb080000,0x00000000eb080000,0x00000000eb100000)
 ParOldGen       total 111616K, used 104356K [0x00000000c0000000, 0x00000000c6d00000, 0x00000000eab00000)
  object space 111616K, 93% used [0x00000000c0000000,0x00000000c65e91a8,0x00000000c6d00000)
 Metaspace       used 77543K, committed 78976K, reserved 1179648K
  class space    used 7548K, committed 8192K, reserved 1048576K
}
Event: 3434.881 GC heap before
{Heap before GC invocations=1302 (full 5):
 PSYoungGen      total 5120K, used 4864K [0x00000000eab00000, 0x00000000eb100000, 0x0000000100000000)
  eden space 4608K, 100% used [0x00000000eab00000,0x00000000eaf80000,0x00000000eaf80000)
  from space 512K, 50% used [0x00000000eb000000,0x00000000eb040000,0x00000000eb080000)
  to   space 512K, 0% used [0x00000000eb080000,0x00000000eb080000,0x00000000eb100000)
 ParOldGen       total 111616K, used 104356K [0x00000000c0000000, 0x00000000c6d00000, 0x00000000eab00000)
  object space 111616K, 93% used [0x00000000c0000000,0x00000000c65e91a8,0x00000000c6d00000)
 Metaspace       used 77548K, committed 78976K, reserved 1179648K
  class space    used 7548K, committed 8192K, reserved 1048576K
}
Event: 3434.885 GC heap after
{Heap after GC invocations=1302 (full 5):
 PSYoungGen      total 5120K, used 506K [0x00000000eab00000, 0x00000000eb180000, 0x0000000100000000)
  eden space 4608K, 0% used [0x00000000eab00000,0x00000000eab00000,0x00000000eaf80000)
  from space 512K, 98% used [0x00000000eb080000,0x00000000eb0fe920,0x00000000eb100000)
  to   space 1024K, 0% used [0x00000000eaf80000,0x00000000eaf80000,0x00000000eb080000)
 ParOldGen       total 111616K, used 104468K [0x00000000c0000000, 0x00000000c6d00000, 0x00000000eab00000)
  object space 111616K, 93% used [0x00000000c0000000,0x00000000c66051a8,0x00000000c6d00000)
 Metaspace       used 77548K, committed 78976K, reserved 1179648K
  class space    used 7548K, committed 8192K, reserved 1048576K
}

