# JRE version: OpenJDK Runtime Environment Temurin-21.0.6+7 (21.0.6+7) (build 21.0.6+7-LTS)
# Java VM: OpenJDK 64-Bit Server VM Temurin-21.0.6+7 (21.0.6+7-LTS, mixed mode, sharing, tiered, compressed oops, compressed class ptrs, parallel gc, windows-amd64)
GC Precious Log:
 CardTable entry size: 512
 CPUs: 8 total, 8 available
 Memory: 7932M
 Large Page Support: Disabled
 NUMA Support: Disabled
 Compressed Oops: Enabled (32-bit)
 Alignments: Space 512K, Generation 512K, Heap 2M
 Heap Min Capacity: 100M
 Heap Initial Capacity: 100M
 Heap Max Capacity: 1G
 Pre-touch: Disabled
 Parallel Workers: 8
Heap:
 PSYoungGen      total 30208K, used 14921K [0x00000000eab00000, 0x00000000ed080000, 0x0000000100000000)
  eden space 26112K, 42% used [0x00000000eab00000,0x00000000eb5f2ea0,0x00000000ec480000)
  from space 4096K, 90% used [0x00000000ecc80000,0x00000000ed01f5f8,0x00000000ed080000)
  to   space 5632K, 0% used [0x00000000ec580000,0x00000000ec580000,0x00000000ecb00000)
 ParOldGen       total 442880K, used 442624K [0x00000000c0000000, 0x00000000db080000, 0x00000000eab00000)
  object space 442880K, 99% used [0x00000000c0000000,0x00000000db0403e8,0x00000000db080000)
 Metaspace       used 71592K, committed 73152K, reserved 1114112K
  class space    used 7264K, committed 7936K, reserved 1048576K
GC Heap History (20 events):
Event: 85.371 GC heap before
{Heap before GC invocations=518 (full 3):
 PSYoungGen      total 12800K, used 12331K [0x00000000eab00000, 0x00000000ebd00000, 0x0000000100000000)
  eden space 9728K, 100% used [0x00000000eab00000,0x00000000eb480000,0x00000000eb480000)
  from space 3072K, 84% used [0x00000000eba00000,0x00000000ebc8af78,0x00000000ebd00000)
  to   space 3072K, 0% used [0x00000000eb700000,0x00000000eb700000,0x00000000eba00000)
 ParOldGen       total 377856K, used 377418K [0x00000000c0000000, 0x00000000d7100000, 0x00000000eab00000)
  object space 377856K, 99% used [0x00000000c0000000,0x00000000d7092848,0x00000000d7100000)
 Metaspace       used 67930K, committed 69312K, reserved 1114112K
  class space    used 6854K, committed 7488K, reserved 1048576K
}
Event: 85.378 GC heap after
{Heap after GC invocations=518 (full 3):
 PSYoungGen      total 12800K, used 3061K [0x00000000eab00000, 0x00000000ec780000, 0x0000000100000000)
  eden space 9728K, 0% used [0x00000000eab00000,0x00000000eab00000,0x00000000eb480000)
  from space 3072K, 99% used [0x00000000eb700000,0x00000000eb9fd400,0x00000000eba00000)
  to   space 9728K, 0% used [0x00000000ebe00000,0x00000000ebe00000,0x00000000ec780000)
 ParOldGen       total 382976K, used 382747K [0x00000000c0000000, 0x00000000d7600000, 0x00000000eab00000)
  object space 382976K, 99% used [0x00000000c0000000,0x00000000d75c6fb8,0x00000000d7600000)
 Metaspace       used 67930K, committed 69312K, reserved 1114112K
  class space    used 6854K, committed 7488K, reserved 1048576K
}
Event: 85.540 GC heap before
{Heap before GC invocations=519 (full 3):
 PSYoungGen      total 12800K, used 12789K [0x00000000eab00000, 0x00000000ec780000, 0x0000000100000000)
  eden space 9728K, 100% used [0x00000000eab00000,0x00000000eb480000,0x00000000eb480000)
  from space 3072K, 99% used [0x00000000eb700000,0x00000000eb9fd400,0x00000000eba00000)
  to   space 9728K, 0% used [0x00000000ebe00000,0x00000000ebe00000,0x00000000ec780000)
 ParOldGen       total 382976K, used 382747K [0x00000000c0000000, 0x00000000d7600000, 0x00000000eab00000)
  object space 382976K, 99% used [0x00000000c0000000,0x00000000d75c6fb8,0x00000000d7600000)
 Metaspace       used 67965K, committed 69440K, reserved 1114112K
  class space    used 6857K, committed 7552K, reserved 1048576K
}
Event: 85.547 GC heap after
{Heap after GC invocations=519 (full 3):
 PSYoungGen      total 17920K, used 7749K [0x00000000eab00000, 0x00000000ec600000, 0x0000000100000000)
  eden space 9728K, 0% used [0x00000000eab00000,0x00000000eab00000,0x00000000eb480000)
  from space 8192K, 94% used [0x00000000ebe00000,0x00000000ec5915f8,0x00000000ec600000)
  to   space 8192K, 0% used [0x00000000eb600000,0x00000000eb600000,0x00000000ebe00000)
 ParOldGen       total 385024K, used 384586K [0x00000000c0000000, 0x00000000d7800000, 0x00000000eab00000)
  object space 385024K, 99% used [0x00000000c0000000,0x00000000d7792a60,0x00000000d7800000)
 Metaspace       used 67965K, committed 69440K, reserved 1114112K
  class space    used 6857K, committed 7552K, reserved 1048576K
}
Event: 85.672 GC heap before
{Heap before GC invocations=520 (full 3):
 PSYoungGen      total 17920K, used 17477K [0x00000000eab00000, 0x00000000ec600000, 0x0000000100000000)
  eden space 9728K, 100% used [0x00000000eab00000,0x00000000eb480000,0x00000000eb480000)
  from space 8192K, 94% used [0x00000000ebe00000,0x00000000ec5915f8,0x00000000ec600000)
  to   space 8192K, 0% used [0x00000000eb600000,0x00000000eb600000,0x00000000ebe00000)
 ParOldGen       total 385024K, used 384586K [0x00000000c0000000, 0x00000000d7800000, 0x00000000eab00000)
  object space 385024K, 99% used [0x00000000c0000000,0x00000000d7792a60,0x00000000d7800000)
 Metaspace       used 68118K, committed 69632K, reserved 1114112K
  class space    used 6881K, committed 7552K, reserved 1048576K
}
Event: 85.681 GC heap after
{Heap after GC invocations=520 (full 3):
 PSYoungGen      total 16896K, used 6911K [0x00000000eab00000, 0x00000000ec380000, 0x0000000100000000)
  eden space 9728K, 0% used [0x00000000eab00000,0x00000000eab00000,0x00000000eb480000)
  from space 7168K, 96% used [0x00000000eb600000,0x00000000ebcbfcc0,0x00000000ebd00000)
  to   space 6656K, 0% used [0x00000000ebd00000,0x00000000ebd00000,0x00000000ec380000)
 ParOldGen       total 391168K, used 390861K [0x00000000c0000000, 0x00000000d7e00000, 0x00000000eab00000)
  object space 391168K, 99% used [0x00000000c0000000,0x00000000d7db34a0,0x00000000d7e00000)
 Metaspace       used 68118K, committed 69632K, reserved 1114112K
  class space    used 6881K, committed 7552K, reserved 1048576K
}
Event: 85.898 GC heap before
{Heap before GC invocations=521 (full 3):
 PSYoungGen      total 16896K, used 16639K [0x00000000eab00000, 0x00000000ec380000, 0x0000000100000000)
  eden space 9728K, 100% used [0x00000000eab00000,0x00000000eb480000,0x00000000eb480000)
  from space 7168K, 96% used [0x00000000eb600000,0x00000000ebcbfcc0,0x00000000ebd00000)
  to   space 6656K, 0% used [0x00000000ebd00000,0x00000000ebd00000,0x00000000ec380000)
 ParOldGen       total 391168K, used 390861K [0x00000000c0000000, 0x00000000d7e00000, 0x00000000eab00000)
  object space 391168K, 99% used [0x00000000c0000000,0x00000000d7db34a0,0x00000000d7e00000)
 Metaspace       used 68188K, committed 69696K, reserved 1114112K
  class space    used 6884K, committed 7552K, reserved 1048576K
}
Event: 86.915 GC heap after
{Heap after GC invocations=521 (full 3):
 PSYoungGen      total 15872K, used 3627K [0x00000000eab00000, 0x00000000ec100000, 0x0000000100000000)
  eden space 11776K, 0% used [0x00000000eab00000,0x00000000eab00000,0x00000000eb680000)
  from space 4096K, 88% used [0x00000000ebd00000,0x00000000ec08afa0,0x00000000ec100000)
  to   space 5120K, 0% used [0x00000000eb700000,0x00000000eb700000,0x00000000ebc00000)
 ParOldGen       total 397824K, used 397416K [0x00000000c0000000, 0x00000000d8480000, 0x00000000eab00000)
  object space 397824K, 99% used [0x00000000c0000000,0x00000000d841a0e0,0x00000000d8480000)
 Metaspace       used 68188K, committed 69696K, reserved 1114112K
  class space    used 6884K, committed 7552K, reserved 1048576K
}
Event: 87.117 GC heap before
{Heap before GC invocations=522 (full 3):
 PSYoungGen      total 15872K, used 14696K [0x00000000eab00000, 0x00000000ec100000, 0x0000000100000000)
  eden space 11776K, 93% used [0x00000000eab00000,0x00000000eb5cf1c0,0x00000000eb680000)
  from space 4096K, 88% used [0x00000000ebd00000,0x00000000ec08afa0,0x00000000ec100000)
  to   space 5120K, 0% used [0x00000000eb700000,0x00000000eb700000,0x00000000ebc00000)
 ParOldGen       total 397824K, used 397416K [0x00000000c0000000, 0x00000000d8480000, 0x00000000eab00000)
  object space 397824K, 99% used [0x00000000c0000000,0x00000000d841a0e0,0x00000000d8480000)
 Metaspace       used 68244K, committed 69696K, reserved 1114112K
  class space    used 6892K, committed 7552K, reserved 1048576K
}
Event: 88.127 GC heap after
{Heap after GC invocations=522 (full 3):
 PSYoungGen      total 17408K, used 5110K [0x00000000eab00000, 0x00000000ed800000, 0x0000000100000000)
  eden space 12288K, 0% used [0x00000000eab00000,0x00000000eab00000,0x00000000eb700000)
  from space 5120K, 99% used [0x00000000eb700000,0x00000000ebbfdb18,0x00000000ebc00000)
  to   space 15872K, 0% used [0x00000000ec880000,0x00000000ec880000,0x00000000ed800000)
 ParOldGen       total 406528K, used 406026K [0x00000000c0000000, 0x00000000d8d00000, 0x00000000eab00000)
  object space 406528K, 99% used [0x00000000c0000000,0x00000000d8c82b98,0x00000000d8d00000)
 Metaspace       used 68244K, committed 69696K, reserved 1114112K
  class space    used 6892K, committed 7552K, reserved 1048576K
}
Event: 88.235 GC heap before
{Heap before GC invocations=523 (full 3):
 PSYoungGen      total 17408K, used 17239K [0x00000000eab00000, 0x00000000ed800000, 0x0000000100000000)
  eden space 12288K, 98% used [0x00000000eab00000,0x00000000eb6d80f8,0x00000000eb700000)
  from space 5120K, 99% used [0x00000000eb700000,0x00000000ebbfdb18,0x00000000ebc00000)
  to   space 15872K, 0% used [0x00000000ec880000,0x00000000ec880000,0x00000000ed800000)
 ParOldGen       total 406528K, used 406026K [0x00000000c0000000, 0x00000000d8d00000, 0x00000000eab00000)
  object space 406528K, 99% used [0x00000000c0000000,0x00000000d8c82b98,0x00000000d8d00000)
 Metaspace       used 68847K, committed 70336K, reserved 1114112K
  class space    used 6953K, committed 7616K, reserved 1048576K
}
Event: 88.243 GC heap after
{Heap after GC invocations=523 (full 3):
 PSYoungGen      total 21504K, used 6341K [0x00000000eab00000, 0x00000000ecf00000, 0x0000000100000000)
  eden space 14848K, 0% used [0x00000000eab00000,0x00000000eab00000,0x00000000eb980000)
  from space 6656K, 95% used [0x00000000ec880000,0x00000000eceb16c8,0x00000000ecf00000)
  to   space 9216K, 0% used [0x00000000ebd00000,0x00000000ebd00000,0x00000000ec600000)
 ParOldGen       total 411648K, used 411154K [0x00000000c0000000, 0x00000000d9200000, 0x00000000eab00000)
  object space 411648K, 99% used [0x00000000c0000000,0x00000000d9184b68,0x00000000d9200000)
 Metaspace       used 68847K, committed 70336K, reserved 1114112K
  class space    used 6953K, committed 7616K, reserved 1048576K
}
Event: 88.483 GC heap before
{Heap before GC invocations=524 (full 3):
 PSYoungGen      total 21504K, used 21189K [0x00000000eab00000, 0x00000000ecf00000, 0x0000000100000000)
  eden space 14848K, 100% used [0x00000000eab00000,0x00000000eb980000,0x00000000eb980000)
  from space 6656K, 95% used [0x00000000ec880000,0x00000000eceb16c8,0x00000000ecf00000)
  to   space 9216K, 0% used [0x00000000ebd00000,0x00000000ebd00000,0x00000000ec600000)
 ParOldGen       total 411648K, used 411154K [0x00000000c0000000, 0x00000000d9200000, 0x00000000eab00000)
  object space 411648K, 99% used [0x00000000c0000000,0x00000000d9184b68,0x00000000d9200000)
 Metaspace       used 69133K, committed 70528K, reserved 1114112K
  class space    used 6992K, committed 7616K, reserved 1048576K
}
Event: 88.495 GC heap after
{Heap after GC invocations=524 (full 3):
 PSYoungGen      total 27136K, used 9184K [0x00000000eab00000, 0x00000000ee080000, 0x0000000100000000)
  eden space 17920K, 0% used [0x00000000eab00000,0x00000000eab00000,0x00000000ebc80000)
  from space 9216K, 99% used [0x00000000ebd00000,0x00000000ec5f8198,0x00000000ec600000)
  to   space 18432K, 0% used [0x00000000ece80000,0x00000000ece80000,0x00000000ee080000)
 ParOldGen       total 418816K, used 418335K [0x00000000c0000000, 0x00000000d9900000, 0x00000000eab00000)
  object space 418816K, 99% used [0x00000000c0000000,0x00000000d9887fe8,0x00000000d9900000)
 Metaspace       used 69133K, committed 70528K, reserved 1114112K
  class space    used 6992K, committed 7616K, reserved 1048576K
}
Event: 88.791 GC heap before
{Heap before GC invocations=525 (full 3):
 PSYoungGen      total 27136K, used 27104K [0x00000000eab00000, 0x00000000ee080000, 0x0000000100000000)
  eden space 17920K, 99% used [0x00000000eab00000,0x00000000ebc7fff0,0x00000000ebc80000)
  from space 9216K, 99% used [0x00000000ebd00000,0x00000000ec5f8198,0x00000000ec600000)
  to   space 18432K, 0% used [0x00000000ece80000,0x00000000ece80000,0x00000000ee080000)
 ParOldGen       total 418816K, used 418338K [0x00000000c0000000, 0x00000000d9900000, 0x00000000eab00000)
  object space 418816K, 99% used [0x00000000c0000000,0x00000000d9888a20,0x00000000d9900000)
 Metaspace       used 70107K, committed 71616K, reserved 1114112K
  class space    used 7090K, committed 7744K, reserved 1048576K
}
Event: 89.804 GC heap after
{Heap after GC invocations=525 (full 3):
 PSYoungGen      total 30208K, used 8507K [0x00000000eab00000, 0x00000000ed700000, 0x0000000100000000)
  eden space 21504K, 0% used [0x00000000eab00000,0x00000000eab00000,0x00000000ec000000)
  from space 8704K, 97% used [0x00000000ece80000,0x00000000ed6ced78,0x00000000ed700000)
  to   space 11776K, 0% used [0x00000000ec000000,0x00000000ec000000,0x00000000ecb80000)
 ParOldGen       total 427520K, used 427255K [0x00000000c0000000, 0x00000000da180000, 0x00000000eab00000)
  object space 427520K, 99% used [0x00000000c0000000,0x00000000da13de88,0x00000000da180000)
 Metaspace       used 70107K, committed 71616K, reserved 1114112K
  class space    used 7090K, committed 7744K, reserved 1048576K
}
Event: 90.436 GC heap before
{Heap before GC invocations=526 (full 3):
 PSYoungGen      total 30208K, used 29892K [0x00000000eab00000, 0x00000000ed700000, 0x0000000100000000)
  eden space 21504K, 99% used [0x00000000eab00000,0x00000000ebfe2348,0x00000000ec000000)
  from space 8704K, 97% used [0x00000000ece80000,0x00000000ed6ced78,0x00000000ed700000)
  to   space 11776K, 0% used [0x00000000ec000000,0x00000000ec000000,0x00000000ecb80000)
 ParOldGen       total 427520K, used 427255K [0x00000000c0000000, 0x00000000da180000, 0x00000000eab00000)
  object space 427520K, 99% used [0x00000000c0000000,0x00000000da13de88,0x00000000da180000)
 Metaspace       used 70923K, committed 72448K, reserved 1114112K
  class space    used 7195K, committed 7872K, reserved 1048576K
}
Event: 90.446 GC heap after
{Heap after GC invocations=526 (full 3):
 PSYoungGen      total 33280K, used 7191K [0x00000000eab00000, 0x00000000ed480000, 0x0000000100000000)
  eden space 21504K, 0% used [0x00000000eab00000,0x00000000eab00000,0x00000000ec000000)
  from space 11776K, 61% used [0x00000000ec000000,0x00000000ec705e10,0x00000000ecb80000)
  to   space 8192K, 0% used [0x00000000ecc80000,0x00000000ecc80000,0x00000000ed480000)
 ParOldGen       total 436224K, used 435733K [0x00000000c0000000, 0x00000000daa00000, 0x00000000eab00000)
  object space 436224K, 99% used [0x00000000c0000000,0x00000000da985478,0x00000000daa00000)
 Metaspace       used 70923K, committed 72448K, reserved 1114112K
  class space    used 7195K, committed 7872K, reserved 1048576K
}
Event: 91.640 GC heap before
{Heap before GC invocations=527 (full 3):
 PSYoungGen      total 33280K, used 28684K [0x00000000eab00000, 0x00000000ed480000, 0x0000000100000000)
  eden space 21504K, 99% used [0x00000000eab00000,0x00000000ebffd278,0x00000000ec000000)
  from space 11776K, 61% used [0x00000000ec000000,0x00000000ec705e10,0x00000000ecb80000)
  to   space 8192K, 0% used [0x00000000ecc80000,0x00000000ecc80000,0x00000000ed480000)
 ParOldGen       total 436224K, used 435733K [0x00000000c0000000, 0x00000000daa00000, 0x00000000eab00000)
  object space 436224K, 99% used [0x00000000c0000000,0x00000000da985478,0x00000000daa00000)
 Metaspace       used 71146K, committed 72704K, reserved 1114112K
  class space    used 7216K, committed 7872K, reserved 1048576K
}
Event: 92.647 GC heap after
{Heap after GC invocations=527 (full 3):
 PSYoungGen      total 30208K, used 3709K [0x00000000eab00000, 0x00000000ed080000, 0x0000000100000000)
  eden space 26112K, 0% used [0x00000000eab00000,0x00000000eab00000,0x00000000ec480000)
  from space 4096K, 90% used [0x00000000ecc80000,0x00000000ed01f5f8,0x00000000ed080000)
  to   space 5632K, 0% used [0x00000000ec580000,0x00000000ec580000,0x00000000ecb00000)
 ParOldGen       total 442880K, used 442624K [0x00000000c0000000, 0x00000000db080000, 0x00000000eab00000)
  object space 442880K, 99% used [0x00000000c0000000,0x00000000db0403e8,0x00000000db080000)
 Metaspace       used 71146K, committed 72704K, reserved 1114112K
  class space    used 7216K, committed 7872K, reserved 1048576K
}

