# JRE version: OpenJDK Runtime Environment Temurin-21.0.6+7 (21.0.6+7) (build 21.0.6+7-LTS)
# Java VM: OpenJDK 64-Bit Server VM Temurin-21.0.6+7 (21.0.6+7-LTS, mixed mode, sharing, tiered, compressed oops, compressed class ptrs, parallel gc, windows-amd64)
GC Precious Log:
 CardTable entry size: 512
 CPUs: 8 total, 8 available
 Memory: 7932M
 Large Page Support: Disabled
 NUMA Support: Disabled
 Compressed Oops: Enabled (32-bit)
 Alignments: Space 512K, Generation 512K, Heap 2M
 Heap Min Capacity: 100M
 Heap Initial Capacity: 100M
 Heap Max Capacity: 1G
 Pre-touch: Disabled
 Parallel Workers: 8
Heap:
 PSYoungGen      total 23552K, used 4109K [0x00000000eab00000, 0x00000000ec380000, 0x0000000100000000)
  eden space 22016K, 18% used [0x00000000eab00000,0x00000000eaf03750,0x00000000ec080000)
  from space 1536K, 0% used [0x00000000ec100000,0x00000000ec100000,0x00000000ec280000)
  to   space 1024K, 0% used [0x00000000ec280000,0x00000000ec280000,0x00000000ec380000)
 ParOldGen       total 68608K, used 28042K [0x00000000c0000000, 0x00000000c4300000, 0x00000000eab00000)
  object space 68608K, 40% used [0x00000000c0000000,0x00000000c1b62a38,0x00000000c4300000)
 Metaspace       used 35261K, committed 36160K, reserved 1114112K
  class space    used 3442K, committed 3840K, reserved 1048576K
GC Heap History (20 events):
Event: 25.069 GC heap before
{Heap before GC invocations=12 (full 1):
 PSYoungGen      total 26112K, used 25971K [0x00000000eab00000, 0x00000000eca00000, 0x0000000100000000)
  eden space 23040K, 100% used [0x00000000eab00000,0x00000000ec180000,0x00000000ec180000)
  from space 3072K, 95% used [0x00000000ec700000,0x00000000ec9dcf58,0x00000000eca00000)
  to   space 3584K, 0% used [0x00000000ec300000,0x00000000ec300000,0x00000000ec680000)
 ParOldGen       total 68608K, used 13557K [0x00000000c0000000, 0x00000000c4300000, 0x00000000eab00000)
  object space 68608K, 19% used [0x00000000c0000000,0x00000000c0d3d660,0x00000000c4300000)
 Metaspace       used 32031K, committed 32960K, reserved 1114112K
  class space    used 3137K, committed 3584K, reserved 1048576K
}
Event: 25.076 GC heap after
{Heap after GC invocations=12 (full 1):
 PSYoungGen      total 25088K, used 2385K [0x00000000eab00000, 0x00000000ec780000, 0x0000000100000000)
  eden space 22528K, 0% used [0x00000000eab00000,0x00000000eab00000,0x00000000ec100000)
  from space 2560K, 93% used [0x00000000ec300000,0x00000000ec554440,0x00000000ec580000)
  to   space 2048K, 0% used [0x00000000ec580000,0x00000000ec580000,0x00000000ec780000)
 ParOldGen       total 68608K, used 16319K [0x00000000c0000000, 0x00000000c4300000, 0x00000000eab00000)
  object space 68608K, 23% used [0x00000000c0000000,0x00000000c0feff80,0x00000000c4300000)
 Metaspace       used 32031K, committed 32960K, reserved 1114112K
  class space    used 3137K, committed 3584K, reserved 1048576K
}
Event: 25.430 GC heap before
{Heap before GC invocations=13 (full 1):
 PSYoungGen      total 25088K, used 24913K [0x00000000eab00000, 0x00000000ec780000, 0x0000000100000000)
  eden space 22528K, 100% used [0x00000000eab00000,0x00000000ec100000,0x00000000ec100000)
  from space 2560K, 93% used [0x00000000ec300000,0x00000000ec554440,0x00000000ec580000)
  to   space 2048K, 0% used [0x00000000ec580000,0x00000000ec580000,0x00000000ec780000)
 ParOldGen       total 68608K, used 16319K [0x00000000c0000000, 0x00000000c4300000, 0x00000000eab00000)
  object space 68608K, 23% used [0x00000000c0000000,0x00000000c0feff80,0x00000000c4300000)
 Metaspace       used 32048K, committed 32960K, reserved 1114112K
  class space    used 3137K, committed 3584K, reserved 1048576K
}
Event: 25.437 GC heap after
{Heap after GC invocations=13 (full 1):
 PSYoungGen      total 24064K, used 2016K [0x00000000eab00000, 0x00000000eca80000, 0x0000000100000000)
  eden space 22016K, 0% used [0x00000000eab00000,0x00000000eab00000,0x00000000ec080000)
  from space 2048K, 98% used [0x00000000ec580000,0x00000000ec778030,0x00000000ec780000)
  to   space 5120K, 0% used [0x00000000ec080000,0x00000000ec080000,0x00000000ec580000)
 ParOldGen       total 68608K, used 18656K [0x00000000c0000000, 0x00000000c4300000, 0x00000000eab00000)
  object space 68608K, 27% used [0x00000000c0000000,0x00000000c1238030,0x00000000c4300000)
 Metaspace       used 32048K, committed 32960K, reserved 1114112K
  class space    used 3137K, committed 3584K, reserved 1048576K
}
Event: 25.788 GC heap before
{Heap before GC invocations=14 (full 1):
 PSYoungGen      total 24064K, used 24032K [0x00000000eab00000, 0x00000000eca80000, 0x0000000100000000)
  eden space 22016K, 100% used [0x00000000eab00000,0x00000000ec080000,0x00000000ec080000)
  from space 2048K, 98% used [0x00000000ec580000,0x00000000ec778030,0x00000000ec780000)
  to   space 5120K, 0% used [0x00000000ec080000,0x00000000ec080000,0x00000000ec580000)
 ParOldGen       total 68608K, used 18656K [0x00000000c0000000, 0x00000000c4300000, 0x00000000eab00000)
  object space 68608K, 27% used [0x00000000c0000000,0x00000000c1238030,0x00000000c4300000)
 Metaspace       used 32098K, committed 33024K, reserved 1114112K
  class space    used 3137K, committed 3584K, reserved 1048576K
}
Event: 25.793 GC heap after
{Heap after GC invocations=14 (full 1):
 PSYoungGen      total 24576K, used 2372K [0x00000000eab00000, 0x00000000ec780000, 0x0000000100000000)
  eden space 22016K, 0% used [0x00000000eab00000,0x00000000eab00000,0x00000000ec080000)
  from space 2560K, 92% used [0x00000000ec080000,0x00000000ec2d1000,0x00000000ec300000)
  to   space 3584K, 0% used [0x00000000ec400000,0x00000000ec400000,0x00000000ec780000)
 ParOldGen       total 68608K, used 20704K [0x00000000c0000000, 0x00000000c4300000, 0x00000000eab00000)
  object space 68608K, 30% used [0x00000000c0000000,0x00000000c1438060,0x00000000c4300000)
 Metaspace       used 32098K, committed 33024K, reserved 1114112K
  class space    used 3137K, committed 3584K, reserved 1048576K
}
Event: 25.977 GC heap before
{Heap before GC invocations=15 (full 1):
 PSYoungGen      total 24576K, used 24388K [0x00000000eab00000, 0x00000000ec780000, 0x0000000100000000)
  eden space 22016K, 100% used [0x00000000eab00000,0x00000000ec080000,0x00000000ec080000)
  from space 2560K, 92% used [0x00000000ec080000,0x00000000ec2d1000,0x00000000ec300000)
  to   space 3584K, 0% used [0x00000000ec400000,0x00000000ec400000,0x00000000ec780000)
 ParOldGen       total 68608K, used 20704K [0x00000000c0000000, 0x00000000c4300000, 0x00000000eab00000)
  object space 68608K, 30% used [0x00000000c0000000,0x00000000c1438060,0x00000000c4300000)
 Metaspace       used 32115K, committed 33024K, reserved 1114112K
  class space    used 3138K, committed 3584K, reserved 1048576K
}
Event: 25.984 GC heap after
{Heap after GC invocations=15 (full 1):
 PSYoungGen      total 24064K, used 1952K [0x00000000eab00000, 0x00000000ec600000, 0x0000000100000000)
  eden space 22016K, 0% used [0x00000000eab00000,0x00000000eab00000,0x00000000ec080000)
  from space 2048K, 95% used [0x00000000ec400000,0x00000000ec5e8000,0x00000000ec600000)
  to   space 2560K, 0% used [0x00000000ec100000,0x00000000ec100000,0x00000000ec380000)
 ParOldGen       total 68608K, used 22966K [0x00000000c0000000, 0x00000000c4300000, 0x00000000eab00000)
  object space 68608K, 33% used [0x00000000c0000000,0x00000000c166db10,0x00000000c4300000)
 Metaspace       used 32115K, committed 33024K, reserved 1114112K
  class space    used 3138K, committed 3584K, reserved 1048576K
}
Event: 26.328 GC heap before
{Heap before GC invocations=16 (full 1):
 PSYoungGen      total 24064K, used 23968K [0x00000000eab00000, 0x00000000ec600000, 0x0000000100000000)
  eden space 22016K, 100% used [0x00000000eab00000,0x00000000ec080000,0x00000000ec080000)
  from space 2048K, 95% used [0x00000000ec400000,0x00000000ec5e8000,0x00000000ec600000)
  to   space 2560K, 0% used [0x00000000ec100000,0x00000000ec100000,0x00000000ec380000)
 ParOldGen       total 68608K, used 22966K [0x00000000c0000000, 0x00000000c4300000, 0x00000000eab00000)
  object space 68608K, 33% used [0x00000000c0000000,0x00000000c166db10,0x00000000c4300000)
 Metaspace       used 32214K, committed 33152K, reserved 1114112K
  class space    used 3138K, committed 3584K, reserved 1048576K
}
Event: 26.334 GC heap after
{Heap after GC invocations=16 (full 1):
 PSYoungGen      total 24576K, used 2176K [0x00000000eab00000, 0x00000000ec580000, 0x0000000100000000)
  eden space 22016K, 0% used [0x00000000eab00000,0x00000000eab00000,0x00000000ec080000)
  from space 2560K, 85% used [0x00000000ec100000,0x00000000ec320010,0x00000000ec380000)
  to   space 2048K, 0% used [0x00000000ec380000,0x00000000ec380000,0x00000000ec580000)
 ParOldGen       total 68608K, used 24862K [0x00000000c0000000, 0x00000000c4300000, 0x00000000eab00000)
  object space 68608K, 36% used [0x00000000c0000000,0x00000000c1847b10,0x00000000c4300000)
 Metaspace       used 32214K, committed 33152K, reserved 1114112K
  class space    used 3138K, committed 3584K, reserved 1048576K
}
Event: 26.683 GC heap before
{Heap before GC invocations=17 (full 1):
 PSYoungGen      total 24576K, used 24192K [0x00000000eab00000, 0x00000000ec580000, 0x0000000100000000)
  eden space 22016K, 100% used [0x00000000eab00000,0x00000000ec080000,0x00000000ec080000)
  from space 2560K, 85% used [0x00000000ec100000,0x00000000ec320010,0x00000000ec380000)
  to   space 2048K, 0% used [0x00000000ec380000,0x00000000ec380000,0x00000000ec580000)
 ParOldGen       total 68608K, used 24862K [0x00000000c0000000, 0x00000000c4300000, 0x00000000eab00000)
  object space 68608K, 36% used [0x00000000c0000000,0x00000000c1847b10,0x00000000c4300000)
 Metaspace       used 32613K, committed 33536K, reserved 1114112K
  class space    used 3189K, committed 3648K, reserved 1048576K
}
Event: 26.688 GC heap after
{Heap after GC invocations=17 (full 1):
 PSYoungGen      total 24064K, used 1923K [0x00000000eab00000, 0x00000000ec580000, 0x0000000100000000)
  eden space 22016K, 0% used [0x00000000eab00000,0x00000000eab00000,0x00000000ec080000)
  from space 2048K, 93% used [0x00000000ec380000,0x00000000ec560e70,0x00000000ec580000)
  to   space 2048K, 0% used [0x00000000ec180000,0x00000000ec180000,0x00000000ec380000)
 ParOldGen       total 68608K, used 26958K [0x00000000c0000000, 0x00000000c4300000, 0x00000000eab00000)
  object space 68608K, 39% used [0x00000000c0000000,0x00000000c1a53b20,0x00000000c4300000)
 Metaspace       used 32613K, committed 33536K, reserved 1114112K
  class space    used 3189K, committed 3648K, reserved 1048576K
}
Event: 28.681 GC heap before
{Heap before GC invocations=18 (full 1):
 PSYoungGen      total 24064K, used 23939K [0x00000000eab00000, 0x00000000ec580000, 0x0000000100000000)
  eden space 22016K, 100% used [0x00000000eab00000,0x00000000ec080000,0x00000000ec080000)
  from space 2048K, 93% used [0x00000000ec380000,0x00000000ec560e70,0x00000000ec580000)
  to   space 2048K, 0% used [0x00000000ec180000,0x00000000ec180000,0x00000000ec380000)
 ParOldGen       total 68608K, used 26958K [0x00000000c0000000, 0x00000000c4300000, 0x00000000eab00000)
  object space 68608K, 39% used [0x00000000c0000000,0x00000000c1a53b20,0x00000000c4300000)
 Metaspace       used 34718K, committed 35648K, reserved 1114112K
  class space    used 3398K, committed 3840K, reserved 1048576K
}
Event: 28.684 GC heap after
{Heap after GC invocations=18 (full 1):
 PSYoungGen      total 23552K, used 1435K [0x00000000eab00000, 0x00000000ec480000, 0x0000000100000000)
  eden space 22016K, 0% used [0x00000000eab00000,0x00000000eab00000,0x00000000ec080000)
  from space 1536K, 93% used [0x00000000ec180000,0x00000000ec2e6ed8,0x00000000ec300000)
  to   space 1536K, 0% used [0x00000000ec300000,0x00000000ec300000,0x00000000ec480000)
 ParOldGen       total 68608K, used 28699K [0x00000000c0000000, 0x00000000c4300000, 0x00000000eab00000)
  object space 68608K, 41% used [0x00000000c0000000,0x00000000c1c06e30,0x00000000c4300000)
 Metaspace       used 34718K, committed 35648K, reserved 1114112K
  class space    used 3398K, committed 3840K, reserved 1048576K
}
Event: 28.998 GC heap before
{Heap before GC invocations=19 (full 1):
 PSYoungGen      total 23552K, used 23451K [0x00000000eab00000, 0x00000000ec480000, 0x0000000100000000)
  eden space 22016K, 100% used [0x00000000eab00000,0x00000000ec080000,0x00000000ec080000)
  from space 1536K, 93% used [0x00000000ec180000,0x00000000ec2e6ed8,0x00000000ec300000)
  to   space 1536K, 0% used [0x00000000ec300000,0x00000000ec300000,0x00000000ec480000)
 ParOldGen       total 68608K, used 28699K [0x00000000c0000000, 0x00000000c4300000, 0x00000000eab00000)
  object space 68608K, 41% used [0x00000000c0000000,0x00000000c1c06e30,0x00000000c4300000)
 Metaspace       used 34734K, committed 35712K, reserved 1114112K
  class space    used 3398K, committed 3840K, reserved 1048576K
}
Event: 29.000 GC heap after
{Heap after GC invocations=19 (full 1):
 PSYoungGen      total 23040K, used 959K [0x00000000eab00000, 0x00000000ec400000, 0x0000000100000000)
  eden space 22016K, 0% used [0x00000000eab00000,0x00000000eab00000,0x00000000ec080000)
  from space 1024K, 93% used [0x00000000ec300000,0x00000000ec3efcd8,0x00000000ec400000)
  to   space 1536K, 0% used [0x00000000ec100000,0x00000000ec100000,0x00000000ec280000)
 ParOldGen       total 68608K, used 29549K [0x00000000c0000000, 0x00000000c4300000, 0x00000000eab00000)
  object space 68608K, 43% used [0x00000000c0000000,0x00000000c1cdb550,0x00000000c4300000)
 Metaspace       used 34734K, committed 35712K, reserved 1114112K
  class space    used 3398K, committed 3840K, reserved 1048576K
}
Event: 29.099 GC heap before
{Heap before GC invocations=20 (full 1):
 PSYoungGen      total 23040K, used 4647K [0x00000000eab00000, 0x00000000ec400000, 0x0000000100000000)
  eden space 22016K, 16% used [0x00000000eab00000,0x00000000eae9a050,0x00000000ec080000)
  from space 1024K, 93% used [0x00000000ec300000,0x00000000ec3efcd8,0x00000000ec400000)
  to   space 1536K, 0% used [0x00000000ec100000,0x00000000ec100000,0x00000000ec280000)
 ParOldGen       total 68608K, used 29549K [0x00000000c0000000, 0x00000000c4300000, 0x00000000eab00000)
  object space 68608K, 43% used [0x00000000c0000000,0x00000000c1cdb550,0x00000000c4300000)
 Metaspace       used 34928K, committed 35840K, reserved 1114112K
  class space    used 3402K, committed 3840K, reserved 1048576K
}
Event: 29.100 GC heap after
{Heap after GC invocations=20 (full 1):
 PSYoungGen      total 23552K, used 320K [0x00000000eab00000, 0x00000000ec380000, 0x0000000100000000)
  eden space 22016K, 0% used [0x00000000eab00000,0x00000000eab00000,0x00000000ec080000)
  from space 1536K, 20% used [0x00000000ec100000,0x00000000ec150010,0x00000000ec280000)
  to   space 1024K, 0% used [0x00000000ec280000,0x00000000ec280000,0x00000000ec380000)
 ParOldGen       total 68608K, used 29565K [0x00000000c0000000, 0x00000000c4300000, 0x00000000eab00000)
  object space 68608K, 43% used [0x00000000c0000000,0x00000000c1cdf550,0x00000000c4300000)
 Metaspace       used 34928K, committed 35840K, reserved 1114112K
  class space    used 3402K, committed 3840K, reserved 1048576K
}
Event: 29.100 GC heap before
{Heap before GC invocations=21 (full 2):
 PSYoungGen      total 23552K, used 320K [0x00000000eab00000, 0x00000000ec380000, 0x0000000100000000)
  eden space 22016K, 0% used [0x00000000eab00000,0x00000000eab00000,0x00000000ec080000)
  from space 1536K, 20% used [0x00000000ec100000,0x00000000ec150010,0x00000000ec280000)
  to   space 1024K, 0% used [0x00000000ec280000,0x00000000ec280000,0x00000000ec380000)
 ParOldGen       total 68608K, used 29565K [0x00000000c0000000, 0x00000000c4300000, 0x00000000eab00000)
  object space 68608K, 43% used [0x00000000c0000000,0x00000000c1cdf550,0x00000000c4300000)
 Metaspace       used 34928K, committed 35840K, reserved 1114112K
  class space    used 3402K, committed 3840K, reserved 1048576K
}
Event: 29.210 GC heap after
{Heap after GC invocations=21 (full 2):
 PSYoungGen      total 23552K, used 0K [0x00000000eab00000, 0x00000000ec380000, 0x0000000100000000)
  eden space 22016K, 0% used [0x00000000eab00000,0x00000000eab00000,0x00000000ec080000)
  from space 1536K, 0% used [0x00000000ec100000,0x00000000ec100000,0x00000000ec280000)
  to   space 1024K, 0% used [0x00000000ec280000,0x00000000ec280000,0x00000000ec380000)
 ParOldGen       total 68608K, used 28042K [0x00000000c0000000, 0x00000000c4300000, 0x00000000eab00000)
  object space 68608K, 40% used [0x00000000c0000000,0x00000000c1b62a38,0x00000000c4300000)
 Metaspace       used 34878K, committed 35840K, reserved 1114112K
  class space    used 3388K, committed 3840K, reserved 1048576K
}

