# JRE version: OpenJDK Runtime Environment Temurin-21.0.6+7 (21.0.6+7) (build 21.0.6+7-LTS)
# Java VM: OpenJDK 64-Bit Server VM Temurin-21.0.6+7 (21.0.6+7-LTS, mixed mode, sharing, tiered, compressed oops, compressed class ptrs, parallel gc, windows-amd64)
GC Precious Log:
 CardTable entry size: 512
 CPUs: 8 total, 8 available
 Memory: 7932M
 Large Page Support: Disabled
 NUMA Support: Disabled
 Compressed Oops: Enabled (32-bit)
 Alignments: Space 512K, Generation 512K, Heap 2M
 Heap Min Capacity: 100M
 Heap Initial Capacity: 100M
 Heap Max Capacity: 1G
 Pre-touch: Disabled
 Parallel Workers: 8
Heap:
 PSYoungGen      total 10752K, used 6748K [0x00000000eab00000, 0x00000000eb980000, 0x0000000100000000)
  eden space 10240K, 61% used [0x00000000eab00000,0x00000000eb12e170,0x00000000eb500000)
  from space 512K, 82% used [0x00000000eb900000,0x00000000eb969210,0x00000000eb980000)
  to   space 512K, 0% used [0x00000000eb880000,0x00000000eb880000,0x00000000eb900000)
 ParOldGen       total 80384K, used 80295K [0x00000000c0000000, 0x00000000c4e80000, 0x00000000eab00000)
  object space 80384K, 99% used [0x00000000c0000000,0x00000000c4e69c68,0x00000000c4e80000)
 Metaspace       used 67410K, committed 68864K, reserved 1114112K
  class space    used 6907K, committed 7552K, reserved 1048576K
GC Heap History (20 events):
Event: 46.915 GC heap before
{Heap before GC invocations=94 (full 3):
 PSYoungGen      total 12288K, used 12105K [0x00000000eab00000, 0x00000000eb900000, 0x0000000100000000)
  eden space 11776K, 99% used [0x00000000eab00000,0x00000000eb67bb20,0x00000000eb680000)
  from space 512K, 67% used [0x00000000eb880000,0x00000000eb8d6900,0x00000000eb900000)
  to   space 1024K, 0% used [0x00000000eb700000,0x00000000eb700000,0x00000000eb800000)
 ParOldGen       total 69120K, used 68969K [0x00000000c0000000, 0x00000000c4380000, 0x00000000eab00000)
  object space 69120K, 99% used [0x00000000c0000000,0x00000000c435a450,0x00000000c4380000)
 Metaspace       used 64874K, committed 66368K, reserved 1114112K
  class space    used 6643K, committed 7296K, reserved 1048576K
}
Event: 46.917 GC heap after
{Heap after GC invocations=94 (full 3):
 PSYoungGen      total 12800K, used 662K [0x00000000eab00000, 0x00000000eb900000, 0x0000000100000000)
  eden space 11776K, 0% used [0x00000000eab00000,0x00000000eab00000,0x00000000eb680000)
  from space 1024K, 64% used [0x00000000eb700000,0x00000000eb7a5890,0x00000000eb800000)
  to   space 1024K, 0% used [0x00000000eb800000,0x00000000eb800000,0x00000000eb900000)
 ParOldGen       total 69120K, used 69081K [0x00000000c0000000, 0x00000000c4380000, 0x00000000eab00000)
  object space 69120K, 99% used [0x00000000c0000000,0x00000000c4376450,0x00000000c4380000)
 Metaspace       used 64874K, committed 66368K, reserved 1114112K
  class space    used 6643K, committed 7296K, reserved 1048576K
}
Event: 47.456 GC heap before
{Heap before GC invocations=95 (full 3):
 PSYoungGen      total 12800K, used 12438K [0x00000000eab00000, 0x00000000eb900000, 0x0000000100000000)
  eden space 11776K, 99% used [0x00000000eab00000,0x00000000eb67ffd8,0x00000000eb680000)
  from space 1024K, 64% used [0x00000000eb700000,0x00000000eb7a5890,0x00000000eb800000)
  to   space 1024K, 0% used [0x00000000eb800000,0x00000000eb800000,0x00000000eb900000)
 ParOldGen       total 69120K, used 69081K [0x00000000c0000000, 0x00000000c4380000, 0x00000000eab00000)
  object space 69120K, 99% used [0x00000000c0000000,0x00000000c4376450,0x00000000c4380000)
 Metaspace       used 65023K, committed 66496K, reserved 1114112K
  class space    used 6663K, committed 7296K, reserved 1048576K
}
Event: 47.457 GC heap after
{Heap after GC invocations=95 (full 3):
 PSYoungGen      total 12288K, used 288K [0x00000000eab00000, 0x00000000eb880000, 0x0000000100000000)
  eden space 11776K, 0% used [0x00000000eab00000,0x00000000eab00000,0x00000000eb680000)
  from space 512K, 56% used [0x00000000eb800000,0x00000000eb848000,0x00000000eb880000)
  to   space 512K, 0% used [0x00000000eb780000,0x00000000eb780000,0x00000000eb800000)
 ParOldGen       total 69632K, used 69606K [0x00000000c0000000, 0x00000000c4400000, 0x00000000eab00000)
  object space 69632K, 99% used [0x00000000c0000000,0x00000000c43f9968,0x00000000c4400000)
 Metaspace       used 65023K, committed 66496K, reserved 1114112K
  class space    used 6663K, committed 7296K, reserved 1048576K
}
Event: 51.753 GC heap before
{Heap before GC invocations=96 (full 3):
 PSYoungGen      total 12288K, used 12064K [0x00000000eab00000, 0x00000000eb880000, 0x0000000100000000)
  eden space 11776K, 100% used [0x00000000eab00000,0x00000000eb680000,0x00000000eb680000)
  from space 512K, 56% used [0x00000000eb800000,0x00000000eb848000,0x00000000eb880000)
  to   space 512K, 0% used [0x00000000eb780000,0x00000000eb780000,0x00000000eb800000)
 ParOldGen       total 69632K, used 69606K [0x00000000c0000000, 0x00000000c4400000, 0x00000000eab00000)
  object space 69632K, 99% used [0x00000000c0000000,0x00000000c43f9968,0x00000000c4400000)
 Metaspace       used 65657K, committed 67136K, reserved 1114112K
  class space    used 6763K, committed 7424K, reserved 1048576K
}
Event: 51.755 GC heap after
{Heap after GC invocations=96 (full 3):
 PSYoungGen      total 12288K, used 511K [0x00000000eab00000, 0x00000000eb980000, 0x0000000100000000)
  eden space 11776K, 0% used [0x00000000eab00000,0x00000000eab00000,0x00000000eb680000)
  from space 512K, 99% used [0x00000000eb780000,0x00000000eb7ffc18,0x00000000eb800000)
  to   space 1536K, 0% used [0x00000000eb800000,0x00000000eb800000,0x00000000eb980000)
 ParOldGen       total 70144K, used 70019K [0x00000000c0000000, 0x00000000c4480000, 0x00000000eab00000)
  object space 70144K, 99% used [0x00000000c0000000,0x00000000c4460fd8,0x00000000c4480000)
 Metaspace       used 65657K, committed 67136K, reserved 1114112K
  class space    used 6763K, committed 7424K, reserved 1048576K
}
Event: 54.118 GC heap before
{Heap before GC invocations=97 (full 3):
 PSYoungGen      total 12288K, used 12287K [0x00000000eab00000, 0x00000000eb980000, 0x0000000100000000)
  eden space 11776K, 100% used [0x00000000eab00000,0x00000000eb680000,0x00000000eb680000)
  from space 512K, 99% used [0x00000000eb780000,0x00000000eb7ffc18,0x00000000eb800000)
  to   space 1536K, 0% used [0x00000000eb800000,0x00000000eb800000,0x00000000eb980000)
 ParOldGen       total 70144K, used 70019K [0x00000000c0000000, 0x00000000c4480000, 0x00000000eab00000)
  object space 70144K, 99% used [0x00000000c0000000,0x00000000c4460fd8,0x00000000c4480000)
 Metaspace       used 65872K, committed 67328K, reserved 1114112K
  class space    used 6779K, committed 7424K, reserved 1048576K
}
Event: 54.119 GC heap after
{Heap after GC invocations=97 (full 3):
 PSYoungGen      total 12800K, used 742K [0x00000000eab00000, 0x00000000eb900000, 0x0000000100000000)
  eden space 11776K, 0% used [0x00000000eab00000,0x00000000eab00000,0x00000000eb680000)
  from space 1024K, 72% used [0x00000000eb800000,0x00000000eb8b99f8,0x00000000eb900000)
  to   space 1024K, 0% used [0x00000000eb700000,0x00000000eb700000,0x00000000eb800000)
 ParOldGen       total 70656K, used 70541K [0x00000000c0000000, 0x00000000c4500000, 0x00000000eab00000)
  object space 70656K, 99% used [0x00000000c0000000,0x00000000c44e34d8,0x00000000c4500000)
 Metaspace       used 65872K, committed 67328K, reserved 1114112K
  class space    used 6779K, committed 7424K, reserved 1048576K
}
Event: 55.472 GC heap before
{Heap before GC invocations=98 (full 3):
 PSYoungGen      total 12800K, used 12518K [0x00000000eab00000, 0x00000000eb900000, 0x0000000100000000)
  eden space 11776K, 100% used [0x00000000eab00000,0x00000000eb680000,0x00000000eb680000)
  from space 1024K, 72% used [0x00000000eb800000,0x00000000eb8b99f8,0x00000000eb900000)
  to   space 1024K, 0% used [0x00000000eb700000,0x00000000eb700000,0x00000000eb800000)
 ParOldGen       total 70656K, used 70541K [0x00000000c0000000, 0x00000000c4500000, 0x00000000eab00000)
  object space 70656K, 99% used [0x00000000c0000000,0x00000000c44e34d8,0x00000000c4500000)
 Metaspace       used 66549K, committed 67968K, reserved 1114112K
  class space    used 6837K, committed 7488K, reserved 1048576K
}
Event: 55.475 GC heap after
{Heap after GC invocations=98 (full 3):
 PSYoungGen      total 12800K, used 992K [0x00000000eab00000, 0x00000000ebf80000, 0x0000000100000000)
  eden space 11776K, 0% used [0x00000000eab00000,0x00000000eab00000,0x00000000eb680000)
  from space 1024K, 96% used [0x00000000eb700000,0x00000000eb7f8010,0x00000000eb800000)
  to   space 4608K, 0% used [0x00000000ebb00000,0x00000000ebb00000,0x00000000ebf80000)
 ParOldGen       total 73728K, used 73340K [0x00000000c0000000, 0x00000000c4800000, 0x00000000eab00000)
  object space 73728K, 99% used [0x00000000c0000000,0x00000000c479f018,0x00000000c4800000)
 Metaspace       used 66549K, committed 67968K, reserved 1114112K
  class space    used 6837K, committed 7488K, reserved 1048576K
}
Event: 55.583 GC heap before
{Heap before GC invocations=99 (full 3):
 PSYoungGen      total 12800K, used 12768K [0x00000000eab00000, 0x00000000ebf80000, 0x0000000100000000)
  eden space 11776K, 100% used [0x00000000eab00000,0x00000000eb680000,0x00000000eb680000)
  from space 1024K, 96% used [0x00000000eb700000,0x00000000eb7f8010,0x00000000eb800000)
  to   space 4608K, 0% used [0x00000000ebb00000,0x00000000ebb00000,0x00000000ebf80000)
 ParOldGen       total 73728K, used 73340K [0x00000000c0000000, 0x00000000c4800000, 0x00000000eab00000)
  object space 73728K, 99% used [0x00000000c0000000,0x00000000c479f018,0x00000000c4800000)
 Metaspace       used 66666K, committed 68096K, reserved 1114112K
  class space    used 6845K, committed 7488K, reserved 1048576K
}
Event: 55.586 GC heap after
{Heap after GC invocations=99 (full 3):
 PSYoungGen      total 14848K, used 4577K [0x00000000eab00000, 0x00000000ec280000, 0x0000000100000000)
  eden space 10240K, 0% used [0x00000000eab00000,0x00000000eab00000,0x00000000eb500000)
  from space 4608K, 99% used [0x00000000ebb00000,0x00000000ebf786b0,0x00000000ebf80000)
  to   space 6144K, 0% used [0x00000000eb500000,0x00000000eb500000,0x00000000ebb00000)
 ParOldGen       total 74752K, used 74404K [0x00000000c0000000, 0x00000000c4900000, 0x00000000eab00000)
  object space 74752K, 99% used [0x00000000c0000000,0x00000000c48a9028,0x00000000c4900000)
 Metaspace       used 66666K, committed 68096K, reserved 1114112K
  class space    used 6845K, committed 7488K, reserved 1048576K
}
Event: 55.638 GC heap before
{Heap before GC invocations=100 (full 3):
 PSYoungGen      total 14848K, used 14817K [0x00000000eab00000, 0x00000000ec280000, 0x0000000100000000)
  eden space 10240K, 100% used [0x00000000eab00000,0x00000000eb500000,0x00000000eb500000)
  from space 4608K, 99% used [0x00000000ebb00000,0x00000000ebf786b0,0x00000000ebf80000)
  to   space 6144K, 0% used [0x00000000eb500000,0x00000000eb500000,0x00000000ebb00000)
 ParOldGen       total 74752K, used 74404K [0x00000000c0000000, 0x00000000c4900000, 0x00000000eab00000)
  object space 74752K, 99% used [0x00000000c0000000,0x00000000c48a9028,0x00000000c4900000)
 Metaspace       used 66668K, committed 68096K, reserved 1114112K
  class space    used 6845K, committed 7488K, reserved 1048576K
}
Event: 55.642 GC heap after
{Heap after GC invocations=100 (full 3):
 PSYoungGen      total 13824K, used 3376K [0x00000000eab00000, 0x00000000ebe00000, 0x0000000100000000)
  eden space 10240K, 0% used [0x00000000eab00000,0x00000000eab00000,0x00000000eb500000)
  from space 3584K, 94% used [0x00000000eb500000,0x00000000eb84c1c0,0x00000000eb880000)
  to   space 4608K, 0% used [0x00000000eb980000,0x00000000eb980000,0x00000000ebe00000)
 ParOldGen       total 79360K, used 78850K [0x00000000c0000000, 0x00000000c4d80000, 0x00000000eab00000)
  object space 79360K, 99% used [0x00000000c0000000,0x00000000c4d008b8,0x00000000c4d80000)
 Metaspace       used 66668K, committed 68096K, reserved 1114112K
  class space    used 6845K, committed 7488K, reserved 1048576K
}
Event: 57.061 GC heap before
{Heap before GC invocations=101 (full 3):
 PSYoungGen      total 13824K, used 13616K [0x00000000eab00000, 0x00000000ebe00000, 0x0000000100000000)
  eden space 10240K, 100% used [0x00000000eab00000,0x00000000eb500000,0x00000000eb500000)
  from space 3584K, 94% used [0x00000000eb500000,0x00000000eb84c1c0,0x00000000eb880000)
  to   space 4608K, 0% used [0x00000000eb980000,0x00000000eb980000,0x00000000ebe00000)
 ParOldGen       total 79360K, used 78850K [0x00000000c0000000, 0x00000000c4d80000, 0x00000000eab00000)
  object space 79360K, 99% used [0x00000000c0000000,0x00000000c4d008b8,0x00000000c4d80000)
 Metaspace       used 66890K, committed 68352K, reserved 1114112K
  class space    used 6879K, committed 7552K, reserved 1048576K
}
Event: 57.063 GC heap after
{Heap after GC invocations=101 (full 3):
 PSYoungGen      total 11776K, used 1134K [0x00000000eab00000, 0x00000000ebb00000, 0x0000000100000000)
  eden space 10240K, 0% used [0x00000000eab00000,0x00000000eab00000,0x00000000eb500000)
  from space 1536K, 73% used [0x00000000eb980000,0x00000000eba9bb20,0x00000000ebb00000)
  to   space 2560K, 0% used [0x00000000eb600000,0x00000000eb600000,0x00000000eb880000)
 ParOldGen       total 79360K, used 79122K [0x00000000c0000000, 0x00000000c4d80000, 0x00000000eab00000)
  object space 79360K, 99% used [0x00000000c0000000,0x00000000c4d448b8,0x00000000c4d80000)
 Metaspace       used 66890K, committed 68352K, reserved 1114112K
  class space    used 6879K, committed 7552K, reserved 1048576K
}
Event: 57.419 GC heap before
{Heap before GC invocations=102 (full 3):
 PSYoungGen      total 11776K, used 11374K [0x00000000eab00000, 0x00000000ebb00000, 0x0000000100000000)
  eden space 10240K, 100% used [0x00000000eab00000,0x00000000eb500000,0x00000000eb500000)
  from space 1536K, 73% used [0x00000000eb980000,0x00000000eba9bb20,0x00000000ebb00000)
  to   space 2560K, 0% used [0x00000000eb600000,0x00000000eb600000,0x00000000eb880000)
 ParOldGen       total 79360K, used 79122K [0x00000000c0000000, 0x00000000c4d80000, 0x00000000eab00000)
  object space 79360K, 99% used [0x00000000c0000000,0x00000000c4d448b8,0x00000000c4d80000)
 Metaspace       used 67146K, committed 68608K, reserved 1114112K
  class space    used 6894K, committed 7552K, reserved 1048576K
}
Event: 57.421 GC heap after
{Heap after GC invocations=102 (full 3):
 PSYoungGen      total 12800K, used 448K [0x00000000eab00000, 0x00000000eba00000, 0x0000000100000000)
  eden space 10240K, 0% used [0x00000000eab00000,0x00000000eab00000,0x00000000eb500000)
  from space 2560K, 17% used [0x00000000eb600000,0x00000000eb670000,0x00000000eb880000)
  to   space 1024K, 0% used [0x00000000eb900000,0x00000000eb900000,0x00000000eba00000)
 ParOldGen       total 80384K, used 79975K [0x00000000c0000000, 0x00000000c4e80000, 0x00000000eab00000)
  object space 80384K, 99% used [0x00000000c0000000,0x00000000c4e19c68,0x00000000c4e80000)
 Metaspace       used 67146K, committed 68608K, reserved 1114112K
  class space    used 6894K, committed 7552K, reserved 1048576K
}
Event: 59.025 GC heap before
{Heap before GC invocations=103 (full 3):
 PSYoungGen      total 12800K, used 10688K [0x00000000eab00000, 0x00000000eba00000, 0x0000000100000000)
  eden space 10240K, 100% used [0x00000000eab00000,0x00000000eb500000,0x00000000eb500000)
  from space 2560K, 17% used [0x00000000eb600000,0x00000000eb670000,0x00000000eb880000)
  to   space 1024K, 0% used [0x00000000eb900000,0x00000000eb900000,0x00000000eba00000)
 ParOldGen       total 80384K, used 79975K [0x00000000c0000000, 0x00000000c4e80000, 0x00000000eab00000)
  object space 80384K, 99% used [0x00000000c0000000,0x00000000c4e19c68,0x00000000c4e80000)
 Metaspace       used 67338K, committed 68800K, reserved 1114112K
  class space    used 6907K, committed 7552K, reserved 1048576K
}
Event: 59.027 GC heap after
{Heap after GC invocations=103 (full 3):
 PSYoungGen      total 10752K, used 420K [0x00000000eab00000, 0x00000000eb980000, 0x0000000100000000)
  eden space 10240K, 0% used [0x00000000eab00000,0x00000000eab00000,0x00000000eb500000)
  from space 512K, 82% used [0x00000000eb900000,0x00000000eb969210,0x00000000eb980000)
  to   space 512K, 0% used [0x00000000eb880000,0x00000000eb880000,0x00000000eb900000)
 ParOldGen       total 80384K, used 80295K [0x00000000c0000000, 0x00000000c4e80000, 0x00000000eab00000)
  object space 80384K, 99% used [0x00000000c0000000,0x00000000c4e69c68,0x00000000c4e80000)
 Metaspace       used 67338K, committed 68800K, reserved 1114112K
  class space    used 6907K, committed 7552K, reserved 1048576K
}

