# JRE version: Java(TM) SE Runtime Environment (22.0.2+9) (build 22.0.2+9-70)
# Java VM: Java HotSpot(TM) 64-Bit Server VM (22.0.2+9-70, mixed mode, emulated-client, sharing, tiered, compressed oops, compressed class ptrs, g1 gc, windows-amd64)
GC Precious Log:
 CardTable entry size: 512
 Card Set container configuration: InlinePtr #cards 5 size 8 Array Of Cards #cards 12 size 40 Howl #buckets 4 coarsen threshold 1843 Howl Bitmap #cards 512 size 80 coarsen threshold 460 Card regions per heap region 1 cards per card region 2048
 CPUs: 8 total, 8 available
 Memory: 7932M
 Large Page Support: Disabled
 NUMA Support: Disabled
 Compressed Oops: Enabled (32-bit)
 Heap Region Size: 1M
 Heap Min Capacity: 8M
 Heap Initial Capacity: 124M
 Heap Max Capacity: 1984M
 Pre-touch: Disabled
 Parallel Workers: 8
 Concurrent Workers: 2
 Concurrent Refinement Workers: 8
 Periodic GC: Disabled
Heap:
 garbage-first heap   total reserved 2031616K, committed 59392K, used 35396K [0x0000000084000000, 0x0000000100000000)
  region size 1024K, 9 young (9216K), 1 survivors (1024K)
 Metaspace       used 56983K, committed 57856K, reserved 1114112K
  class space    used 8246K, committed 8576K, reserved 1048576K
GC Heap History (20 events):
Event: 959.943 GC heap after
{Heap after GC invocations=35 (full 2):
 garbage-first heap   total reserved 2031616K, committed 59392K, used 28258K [0x0000000084000000, 0x0000000100000000)
  region size 1024K, 3 young (3072K), 3 survivors (3072K)
 Metaspace       used 56342K, committed 57024K, reserved 1114112K
  class space    used 8193K, committed 8448K, reserved 1048576K
}
Event: 970.833 GC heap before
{Heap before GC invocations=36 (full 2):
 garbage-first heap   total reserved 2031616K, committed 59392K, used 49762K [0x0000000084000000, 0x0000000100000000)
  region size 1024K, 24 young (24576K), 3 survivors (3072K)
 Metaspace       used 56677K, committed 57344K, reserved 1114112K
  class space    used 8244K, committed 8512K, reserved 1048576K
}
Event: 970.840 GC heap after
{Heap after GC invocations=37 (full 2):
 garbage-first heap   total reserved 2031616K, committed 59392K, used 27315K [0x0000000084000000, 0x0000000100000000)
  region size 1024K, 2 young (2048K), 2 survivors (2048K)
 Metaspace       used 56677K, committed 57344K, reserved 1114112K
  class space    used 8244K, committed 8512K, reserved 1048576K
}
Event: 974.186 GC heap before
{Heap before GC invocations=37 (full 2):
 garbage-first heap   total reserved 2031616K, committed 59392K, used 48819K [0x0000000084000000, 0x0000000100000000)
  region size 1024K, 24 young (24576K), 2 survivors (2048K)
 Metaspace       used 56848K, committed 57600K, reserved 1114112K
  class space    used 8266K, committed 8576K, reserved 1048576K
}
Event: 974.200 GC heap after
{Heap after GC invocations=38 (full 2):
 garbage-first heap   total reserved 2031616K, committed 59392K, used 29042K [0x0000000084000000, 0x0000000100000000)
  region size 1024K, 3 young (3072K), 3 survivors (3072K)
 Metaspace       used 56848K, committed 57600K, reserved 1114112K
  class space    used 8266K, committed 8576K, reserved 1048576K
}
Event: 978.930 GC heap before
{Heap before GC invocations=38 (full 2):
 garbage-first heap   total reserved 2031616K, committed 59392K, used 50546K [0x0000000084000000, 0x0000000100000000)
  region size 1024K, 24 young (24576K), 3 survivors (3072K)
 Metaspace       used 57111K, committed 57792K, reserved 1114112K
  class space    used 8296K, committed 8576K, reserved 1048576K
}
Event: 978.941 GC heap after
{Heap after GC invocations=39 (full 2):
 garbage-first heap   total reserved 2031616K, committed 59392K, used 31354K [0x0000000084000000, 0x0000000100000000)
  region size 1024K, 3 young (3072K), 3 survivors (3072K)
 Metaspace       used 57111K, committed 57792K, reserved 1114112K
  class space    used 8296K, committed 8576K, reserved 1048576K
}
Event: 994.613 GC heap before
{Heap before GC invocations=40 (full 2):
 garbage-first heap   total reserved 2031616K, committed 59392K, used 49786K [0x0000000084000000, 0x0000000100000000)
  region size 1024K, 21 young (21504K), 3 survivors (3072K)
 Metaspace       used 57121K, committed 57856K, reserved 1114112K
  class space    used 8283K, committed 8576K, reserved 1048576K
}
Event: 994.630 GC heap after
{Heap after GC invocations=41 (full 2):
 garbage-first heap   total reserved 2031616K, committed 59392K, used 32286K [0x0000000084000000, 0x0000000100000000)
  region size 1024K, 2 young (2048K), 2 survivors (2048K)
 Metaspace       used 57121K, committed 57856K, reserved 1114112K
  class space    used 8283K, committed 8576K, reserved 1048576K
}
Event: 1083.384 GC heap before
{Heap before GC invocations=41 (full 2):
 garbage-first heap   total reserved 2031616K, committed 59392K, used 50718K [0x0000000084000000, 0x0000000100000000)
  region size 1024K, 20 young (20480K), 2 survivors (2048K)
 Metaspace       used 57121K, committed 57856K, reserved 1114112K
  class space    used 8283K, committed 8576K, reserved 1048576K
}
Event: 1083.396 GC heap after
{Heap after GC invocations=42 (full 2):
 garbage-first heap   total reserved 2031616K, committed 59392K, used 32411K [0x0000000084000000, 0x0000000100000000)
  region size 1024K, 2 young (2048K), 2 survivors (2048K)
 Metaspace       used 57121K, committed 57856K, reserved 1114112K
  class space    used 8283K, committed 8576K, reserved 1048576K
}
Event: 1177.607 GC heap before
{Heap before GC invocations=42 (full 2):
 garbage-first heap   total reserved 2031616K, committed 59392K, used 51867K [0x0000000084000000, 0x0000000100000000)
  region size 1024K, 21 young (21504K), 2 survivors (2048K)
 Metaspace       used 57121K, committed 57856K, reserved 1114112K
  class space    used 8283K, committed 8576K, reserved 1048576K
}
Event: 1177.639 GC heap after
{Heap after GC invocations=43 (full 2):
 garbage-first heap   total reserved 2031616K, committed 59392K, used 32131K [0x0000000084000000, 0x0000000100000000)
  region size 1024K, 1 young (1024K), 1 survivors (1024K)
 Metaspace       used 57121K, committed 57856K, reserved 1114112K
  class space    used 8283K, committed 8576K, reserved 1048576K
}
Event: 1280.059 GC heap before
{Heap before GC invocations=44 (full 2):
 garbage-first heap   total reserved 2031616K, committed 59392K, used 53635K [0x0000000084000000, 0x0000000100000000)
  region size 1024K, 22 young (22528K), 1 survivors (1024K)
 Metaspace       used 56974K, committed 57856K, reserved 1114112K
  class space    used 8244K, committed 8576K, reserved 1048576K
}
Event: 1280.069 GC heap after
{Heap after GC invocations=45 (full 2):
 garbage-first heap   total reserved 2031616K, committed 59392K, used 32047K [0x0000000084000000, 0x0000000100000000)
  region size 1024K, 1 young (1024K), 1 survivors (1024K)
 Metaspace       used 56974K, committed 57856K, reserved 1114112K
  class space    used 8244K, committed 8576K, reserved 1048576K
}
Event: 1384.477 GC heap before
{Heap before GC invocations=45 (full 2):
 garbage-first heap   total reserved 2031616K, committed 59392K, used 53551K [0x0000000084000000, 0x0000000100000000)
  region size 1024K, 22 young (22528K), 1 survivors (1024K)
 Metaspace       used 56974K, committed 57856K, reserved 1114112K
  class space    used 8244K, committed 8576K, reserved 1048576K
}
Event: 1384.512 GC heap after
{Heap after GC invocations=46 (full 2):
 garbage-first heap   total reserved 2031616K, committed 59392K, used 29189K [0x0000000084000000, 0x0000000100000000)
  region size 1024K, 1 young (1024K), 1 survivors (1024K)
 Metaspace       used 56974K, committed 57856K, reserved 1114112K
  class space    used 8244K, committed 8576K, reserved 1048576K
}
Event: 1506.291 GC heap before
{Heap before GC invocations=46 (full 2):
 garbage-first heap   total reserved 2031616K, committed 59392K, used 53765K [0x0000000084000000, 0x0000000100000000)
  region size 1024K, 25 young (25600K), 1 survivors (1024K)
 Metaspace       used 56974K, committed 57856K, reserved 1114112K
  class space    used 8244K, committed 8576K, reserved 1048576K
}
Event: 1506.336 GC heap after
{Heap after GC invocations=47 (full 2):
 garbage-first heap   total reserved 2031616K, committed 59392K, used 28228K [0x0000000084000000, 0x0000000100000000)
  region size 1024K, 1 young (1024K), 1 survivors (1024K)
 Metaspace       used 56974K, committed 57856K, reserved 1114112K
  class space    used 8244K, committed 8576K, reserved 1048576K
}
Event: 1547.212 GC heap before
{Heap before GC invocations=47 (full 2):
 garbage-first heap   total reserved 2031616K, committed 59392K, used 35396K [0x0000000084000000, 0x0000000100000000)
  region size 1024K, 9 young (9216K), 1 survivors (1024K)
 Metaspace       used 56983K, committed 57856K, reserved 1114112K
  class space    used 8246K, committed 8576K, reserved 1048576K
}

