# JRE version: OpenJDK Runtime Environment Temurin-21.0.6+7 (21.0.6+7) (build 21.0.6+7-LTS)
# Java VM: OpenJDK 64-Bit Server VM Temurin-21.0.6+7 (21.0.6+7-LTS, mixed mode, sharing, tiered, compressed oops, compressed class ptrs, parallel gc, windows-amd64)
GC Precious Log:
 CardTable entry size: 512
 CPUs: 8 total, 8 available
 Memory: 7932M
 Large Page Support: Disabled
 NUMA Support: Disabled
 Compressed Oops: Enabled (32-bit)
 Alignments: Space 512K, Generation 512K, Heap 2M
 Heap Min Capacity: 100M
 Heap Initial Capacity: 100M
 Heap Max Capacity: 1G
 Pre-touch: Disabled
 Parallel Workers: 8
Heap:
 PSYoungGen      total 9728K, used 3653K [0x00000000eab00000, 0x00000000eb600000, 0x0000000100000000)
  eden space 8192K, 28% used [0x00000000eab00000,0x00000000ead3dab8,0x00000000eb300000)
  from space 1536K, 88% used [0x00000000eb300000,0x00000000eb453d38,0x00000000eb480000)
  to   space 1536K, 0% used [0x00000000eb480000,0x00000000eb480000,0x00000000eb600000)
 ParOldGen       total 130048K, used 129667K [0x00000000c0000000, 0x00000000c7f00000, 0x00000000eab00000)
  object space 130048K, 99% used [0x00000000c0000000,0x00000000c7ea0fa8,0x00000000c7f00000)
 Metaspace       used 54699K, committed 55936K, reserved 1114112K
  class space    used 5671K, committed 6208K, reserved 1048576K
GC Heap History (20 events):
Event: 15.528 GC heap after
{Heap after GC invocations=52 (full 2):
 PSYoungGen      total 10240K, used 2024K [0x00000000eab00000, 0x00000000ebf80000, 0x0000000100000000)
  eden space 8192K, 0% used [0x00000000eab00000,0x00000000eab00000,0x00000000eb300000)
  from space 2048K, 98% used [0x00000000eb880000,0x00000000eba7a280,0x00000000eba80000)
  to   space 5632K, 0% used [0x00000000eb300000,0x00000000eb300000,0x00000000eb880000)
 ParOldGen       total 117760K, used 117657K [0x00000000c0000000, 0x00000000c7300000, 0x00000000eab00000)
  object space 117760K, 99% used [0x00000000c0000000,0x00000000c72e67c8,0x00000000c7300000)
 Metaspace       used 52347K, committed 53568K, reserved 1114112K
  class space    used 5467K, committed 6016K, reserved 1048576K
}
Event: 15.644 GC heap before
{Heap before GC invocations=53 (full 2):
 PSYoungGen      total 10240K, used 10216K [0x00000000eab00000, 0x00000000ebf80000, 0x0000000100000000)
  eden space 8192K, 100% used [0x00000000eab00000,0x00000000eb300000,0x00000000eb300000)
  from space 2048K, 98% used [0x00000000eb880000,0x00000000eba7a280,0x00000000eba80000)
  to   space 5632K, 0% used [0x00000000eb300000,0x00000000eb300000,0x00000000eb880000)
 ParOldGen       total 117760K, used 117657K [0x00000000c0000000, 0x00000000c7300000, 0x00000000eab00000)
  object space 117760K, 99% used [0x00000000c0000000,0x00000000c72e67c8,0x00000000c7300000)
 Metaspace       used 52679K, committed 53952K, reserved 1114112K
  class space    used 5495K, committed 6080K, reserved 1048576K
}
Event: 15.649 GC heap after
{Heap after GC invocations=53 (full 2):
 PSYoungGen      total 11264K, used 2998K [0x00000000eab00000, 0x00000000ebb00000, 0x0000000100000000)
  eden space 8192K, 0% used [0x00000000eab00000,0x00000000eab00000,0x00000000eb300000)
  from space 3072K, 97% used [0x00000000eb300000,0x00000000eb5eda50,0x00000000eb600000)
  to   space 4096K, 0% used [0x00000000eb700000,0x00000000eb700000,0x00000000ebb00000)
 ParOldGen       total 119808K, used 119679K [0x00000000c0000000, 0x00000000c7500000, 0x00000000eab00000)
  object space 119808K, 99% used [0x00000000c0000000,0x00000000c74dfe18,0x00000000c7500000)
 Metaspace       used 52679K, committed 53952K, reserved 1114112K
  class space    used 5495K, committed 6080K, reserved 1048576K
}
Event: 15.675 GC heap before
{Heap before GC invocations=54 (full 2):
 PSYoungGen      total 11264K, used 11190K [0x00000000eab00000, 0x00000000ebb00000, 0x0000000100000000)
  eden space 8192K, 100% used [0x00000000eab00000,0x00000000eb300000,0x00000000eb300000)
  from space 3072K, 97% used [0x00000000eb300000,0x00000000eb5eda50,0x00000000eb600000)
  to   space 4096K, 0% used [0x00000000eb700000,0x00000000eb700000,0x00000000ebb00000)
 ParOldGen       total 119808K, used 119679K [0x00000000c0000000, 0x00000000c7500000, 0x00000000eab00000)
  object space 119808K, 99% used [0x00000000c0000000,0x00000000c74dfe18,0x00000000c7500000)
 Metaspace       used 52686K, committed 53952K, reserved 1114112K
  class space    used 5495K, committed 6080K, reserved 1048576K
}
Event: 15.680 GC heap after
{Heap after GC invocations=54 (full 2):
 PSYoungGen      total 10752K, used 2235K [0x00000000eab00000, 0x00000000eb980000, 0x0000000100000000)
  eden space 8192K, 0% used [0x00000000eab00000,0x00000000eab00000,0x00000000eb300000)
  from space 2560K, 87% used [0x00000000eb700000,0x00000000eb92efe8,0x00000000eb980000)
  to   space 3072K, 0% used [0x00000000eb380000,0x00000000eb380000,0x00000000eb680000)
 ParOldGen       total 122880K, used 122511K [0x00000000c0000000, 0x00000000c7800000, 0x00000000eab00000)
  object space 122880K, 99% used [0x00000000c0000000,0x00000000c77a3f98,0x00000000c7800000)
 Metaspace       used 52686K, committed 53952K, reserved 1114112K
  class space    used 5495K, committed 6080K, reserved 1048576K
}
Event: 15.737 GC heap before
{Heap before GC invocations=55 (full 2):
 PSYoungGen      total 10752K, used 10427K [0x00000000eab00000, 0x00000000eb980000, 0x0000000100000000)
  eden space 8192K, 100% used [0x00000000eab00000,0x00000000eb300000,0x00000000eb300000)
  from space 2560K, 87% used [0x00000000eb700000,0x00000000eb92efe8,0x00000000eb980000)
  to   space 3072K, 0% used [0x00000000eb380000,0x00000000eb380000,0x00000000eb680000)
 ParOldGen       total 122880K, used 122511K [0x00000000c0000000, 0x00000000c7800000, 0x00000000eab00000)
  object space 122880K, 99% used [0x00000000c0000000,0x00000000c77a3f98,0x00000000c7800000)
 Metaspace       used 52695K, committed 53952K, reserved 1114112K
  class space    used 5495K, committed 6080K, reserved 1048576K
}
Event: 15.743 GC heap after
{Heap after GC invocations=55 (full 2):
 PSYoungGen      total 9216K, used 998K [0x00000000eab00000, 0x00000000eb780000, 0x0000000100000000)
  eden space 8192K, 0% used [0x00000000eab00000,0x00000000eab00000,0x00000000eb300000)
  from space 1024K, 97% used [0x00000000eb380000,0x00000000eb4799c0,0x00000000eb480000)
  to   space 1536K, 0% used [0x00000000eb600000,0x00000000eb600000,0x00000000eb780000)
 ParOldGen       total 124416K, used 124211K [0x00000000c0000000, 0x00000000c7980000, 0x00000000eab00000)
  object space 124416K, 99% used [0x00000000c0000000,0x00000000c794cde0,0x00000000c7980000)
 Metaspace       used 52695K, committed 53952K, reserved 1114112K
  class space    used 5495K, committed 6080K, reserved 1048576K
}
Event: 15.814 GC heap before
{Heap before GC invocations=56 (full 2):
 PSYoungGen      total 9216K, used 9190K [0x00000000eab00000, 0x00000000eb780000, 0x0000000100000000)
  eden space 8192K, 100% used [0x00000000eab00000,0x00000000eb300000,0x00000000eb300000)
  from space 1024K, 97% used [0x00000000eb380000,0x00000000eb4799c0,0x00000000eb480000)
  to   space 1536K, 0% used [0x00000000eb600000,0x00000000eb600000,0x00000000eb780000)
 ParOldGen       total 124416K, used 124211K [0x00000000c0000000, 0x00000000c7980000, 0x00000000eab00000)
  object space 124416K, 99% used [0x00000000c0000000,0x00000000c794cde0,0x00000000c7980000)
 Metaspace       used 52704K, committed 53952K, reserved 1114112K
  class space    used 5495K, committed 6080K, reserved 1048576K
}
Event: 15.815 GC heap after
{Heap after GC invocations=56 (full 2):
 PSYoungGen      total 9728K, used 1281K [0x00000000eab00000, 0x00000000eb780000, 0x0000000100000000)
  eden space 8192K, 0% used [0x00000000eab00000,0x00000000eab00000,0x00000000eb300000)
  from space 1536K, 83% used [0x00000000eb600000,0x00000000eb740428,0x00000000eb780000)
  to   space 1536K, 0% used [0x00000000eb480000,0x00000000eb480000,0x00000000eb600000)
 ParOldGen       total 124928K, used 124710K [0x00000000c0000000, 0x00000000c7a00000, 0x00000000eab00000)
  object space 124928K, 99% used [0x00000000c0000000,0x00000000c79c9ad8,0x00000000c7a00000)
 Metaspace       used 52704K, committed 53952K, reserved 1114112K
  class space    used 5495K, committed 6080K, reserved 1048576K
}
Event: 15.966 GC heap before
{Heap before GC invocations=57 (full 2):
 PSYoungGen      total 9728K, used 9473K [0x00000000eab00000, 0x00000000eb780000, 0x0000000100000000)
  eden space 8192K, 100% used [0x00000000eab00000,0x00000000eb300000,0x00000000eb300000)
  from space 1536K, 83% used [0x00000000eb600000,0x00000000eb740428,0x00000000eb780000)
  to   space 1536K, 0% used [0x00000000eb480000,0x00000000eb480000,0x00000000eb600000)
 ParOldGen       total 124928K, used 124710K [0x00000000c0000000, 0x00000000c7a00000, 0x00000000eab00000)
  object space 124928K, 99% used [0x00000000c0000000,0x00000000c79c9ad8,0x00000000c7a00000)
 Metaspace       used 52714K, committed 54016K, reserved 1114112K
  class space    used 5495K, committed 6080K, reserved 1048576K
}
Event: 15.970 GC heap after
{Heap after GC invocations=57 (full 2):
 PSYoungGen      total 9216K, used 937K [0x00000000eab00000, 0x00000000eb680000, 0x0000000100000000)
  eden space 8192K, 0% used [0x00000000eab00000,0x00000000eab00000,0x00000000eb300000)
  from space 1024K, 91% used [0x00000000eb480000,0x00000000eb56a628,0x00000000eb580000)
  to   space 1024K, 0% used [0x00000000eb580000,0x00000000eb580000,0x00000000eb680000)
 ParOldGen       total 125440K, used 125355K [0x00000000c0000000, 0x00000000c7a80000, 0x00000000eab00000)
  object space 125440K, 99% used [0x00000000c0000000,0x00000000c7a6adc0,0x00000000c7a80000)
 Metaspace       used 52714K, committed 54016K, reserved 1114112K
  class space    used 5495K, committed 6080K, reserved 1048576K
}
Event: 16.121 GC heap before
{Heap before GC invocations=58 (full 2):
 PSYoungGen      total 9216K, used 9129K [0x00000000eab00000, 0x00000000eb680000, 0x0000000100000000)
  eden space 8192K, 100% used [0x00000000eab00000,0x00000000eb300000,0x00000000eb300000)
  from space 1024K, 91% used [0x00000000eb480000,0x00000000eb56a628,0x00000000eb580000)
  to   space 1024K, 0% used [0x00000000eb580000,0x00000000eb580000,0x00000000eb680000)
 ParOldGen       total 125440K, used 125355K [0x00000000c0000000, 0x00000000c7a80000, 0x00000000eab00000)
  object space 125440K, 99% used [0x00000000c0000000,0x00000000c7a6adc0,0x00000000c7a80000)
 Metaspace       used 52716K, committed 54016K, reserved 1114112K
  class space    used 5495K, committed 6080K, reserved 1048576K
}
Event: 16.123 GC heap after
{Heap after GC invocations=58 (full 2):
 PSYoungGen      total 9216K, used 790K [0x00000000eab00000, 0x00000000eb680000, 0x0000000100000000)
  eden space 8192K, 0% used [0x00000000eab00000,0x00000000eab00000,0x00000000eb300000)
  from space 1024K, 77% used [0x00000000eb580000,0x00000000eb645968,0x00000000eb680000)
  to   space 1024K, 0% used [0x00000000eb480000,0x00000000eb480000,0x00000000eb580000)
 ParOldGen       total 125952K, used 125750K [0x00000000c0000000, 0x00000000c7b00000, 0x00000000eab00000)
  object space 125952K, 99% used [0x00000000c0000000,0x00000000c7acd9b0,0x00000000c7b00000)
 Metaspace       used 52716K, committed 54016K, reserved 1114112K
  class space    used 5495K, committed 6080K, reserved 1048576K
}
Event: 16.447 GC heap before
{Heap before GC invocations=59 (full 2):
 PSYoungGen      total 9216K, used 8982K [0x00000000eab00000, 0x00000000eb680000, 0x0000000100000000)
  eden space 8192K, 100% used [0x00000000eab00000,0x00000000eb300000,0x00000000eb300000)
  from space 1024K, 77% used [0x00000000eb580000,0x00000000eb645968,0x00000000eb680000)
  to   space 1024K, 0% used [0x00000000eb480000,0x00000000eb480000,0x00000000eb580000)
 ParOldGen       total 125952K, used 125750K [0x00000000c0000000, 0x00000000c7b00000, 0x00000000eab00000)
  object space 125952K, 99% used [0x00000000c0000000,0x00000000c7acd9b0,0x00000000c7b00000)
 Metaspace       used 52976K, committed 54208K, reserved 1114112K
  class space    used 5507K, committed 6080K, reserved 1048576K
}
Event: 16.458 GC heap after
{Heap after GC invocations=59 (full 2):
 PSYoungGen      total 9216K, used 529K [0x00000000eab00000, 0x00000000eb600000, 0x0000000100000000)
  eden space 8192K, 0% used [0x00000000eab00000,0x00000000eab00000,0x00000000eb300000)
  from space 1024K, 51% used [0x00000000eb480000,0x00000000eb504680,0x00000000eb580000)
  to   space 512K, 0% used [0x00000000eb580000,0x00000000eb580000,0x00000000eb600000)
 ParOldGen       total 125952K, used 125798K [0x00000000c0000000, 0x00000000c7b00000, 0x00000000eab00000)
  object space 125952K, 99% used [0x00000000c0000000,0x00000000c7ad99b0,0x00000000c7b00000)
 Metaspace       used 52976K, committed 54208K, reserved 1114112K
  class space    used 5507K, committed 6080K, reserved 1048576K
}
Event: 16.795 GC heap before
{Heap before GC invocations=60 (full 2):
 PSYoungGen      total 9216K, used 8721K [0x00000000eab00000, 0x00000000eb600000, 0x0000000100000000)
  eden space 8192K, 100% used [0x00000000eab00000,0x00000000eb300000,0x00000000eb300000)
  from space 1024K, 51% used [0x00000000eb480000,0x00000000eb504680,0x00000000eb580000)
  to   space 512K, 0% used [0x00000000eb580000,0x00000000eb580000,0x00000000eb600000)
 ParOldGen       total 125952K, used 125798K [0x00000000c0000000, 0x00000000c7b00000, 0x00000000eab00000)
  object space 125952K, 99% used [0x00000000c0000000,0x00000000c7ad99b0,0x00000000c7b00000)
 Metaspace       used 53929K, committed 55168K, reserved 1114112K
  class space    used 5598K, committed 6144K, reserved 1048576K
}
Event: 16.802 GC heap after
{Heap after GC invocations=60 (full 2):
 PSYoungGen      total 8704K, used 507K [0x00000000eab00000, 0x00000000eb600000, 0x0000000100000000)
  eden space 8192K, 0% used [0x00000000eab00000,0x00000000eab00000,0x00000000eb300000)
  from space 512K, 99% used [0x00000000eb580000,0x00000000eb5fefc0,0x00000000eb600000)
  to   space 1536K, 0% used [0x00000000eb300000,0x00000000eb300000,0x00000000eb480000)
 ParOldGen       total 126976K, used 126493K [0x00000000c0000000, 0x00000000c7c00000, 0x00000000eab00000)
  object space 126976K, 99% used [0x00000000c0000000,0x00000000c7b87630,0x00000000c7c00000)
 Metaspace       used 53929K, committed 55168K, reserved 1114112K
  class space    used 5598K, committed 6144K, reserved 1048576K
}
Event: 17.361 GC heap before
{Heap before GC invocations=61 (full 2):
 PSYoungGen      total 8704K, used 8699K [0x00000000eab00000, 0x00000000eb600000, 0x0000000100000000)
  eden space 8192K, 100% used [0x00000000eab00000,0x00000000eb300000,0x00000000eb300000)
  from space 512K, 99% used [0x00000000eb580000,0x00000000eb5fefc0,0x00000000eb600000)
  to   space 1536K, 0% used [0x00000000eb300000,0x00000000eb300000,0x00000000eb480000)
 ParOldGen       total 126976K, used 126493K [0x00000000c0000000, 0x00000000c7c00000, 0x00000000eab00000)
  object space 126976K, 99% used [0x00000000c0000000,0x00000000c7b87630,0x00000000c7c00000)
 Metaspace       used 54242K, committed 55424K, reserved 1114112K
  class space    used 5614K, committed 6144K, reserved 1048576K
}
Event: 17.365 GC heap after
{Heap after GC invocations=61 (full 2):
 PSYoungGen      total 9728K, used 1523K [0x00000000eab00000, 0x00000000eb800000, 0x0000000100000000)
  eden space 8192K, 0% used [0x00000000eab00000,0x00000000eab00000,0x00000000eb300000)
  from space 1536K, 99% used [0x00000000eb300000,0x00000000eb47ced0,0x00000000eb480000)
  to   space 2560K, 0% used [0x00000000eb580000,0x00000000eb580000,0x00000000eb800000)
 ParOldGen       total 127488K, used 127094K [0x00000000c0000000, 0x00000000c7c80000, 0x00000000eab00000)
  object space 127488K, 99% used [0x00000000c0000000,0x00000000c7c1dbc0,0x00000000c7c80000)
 Metaspace       used 54242K, committed 55424K, reserved 1114112K
  class space    used 5614K, committed 6144K, reserved 1048576K
}
Event: 18.181 GC heap before
{Heap before GC invocations=62 (full 2):
 PSYoungGen      total 9728K, used 9715K [0x00000000eab00000, 0x00000000eb800000, 0x0000000100000000)
  eden space 8192K, 100% used [0x00000000eab00000,0x00000000eb300000,0x00000000eb300000)
  from space 1536K, 99% used [0x00000000eb300000,0x00000000eb47ced0,0x00000000eb480000)
  to   space 2560K, 0% used [0x00000000eb580000,0x00000000eb580000,0x00000000eb800000)
 ParOldGen       total 127488K, used 127094K [0x00000000c0000000, 0x00000000c7c80000, 0x00000000eab00000)
  object space 127488K, 99% used [0x00000000c0000000,0x00000000c7c1dbc0,0x00000000c7c80000)
 Metaspace       used 54441K, committed 55680K, reserved 1114112K
  class space    used 5638K, committed 6208K, reserved 1048576K
}

